[Licensing::Module] Trying to connect to existing licensing client channel...
[Licensing::IpcConnector] Successfully connected to: "LicenseClient-User" at "2026-03-18T14:12:45.9278472Z"
Built from '6000.3/staging' branch; Version is '6000.3.11f1 (3000ef702840) revision 3145967'; Using compiler version '194234433'; Build Type 'Release'
OS: 'Windows 11  (10.0.26200) Professional' Language: 'ru' Physical Memory: 32472 MB
BatchMode: 1, IsHumanControllingUs: 0, StartBugReporterOnCrash: 0, Is64bit: 1
System  architecture: x64
Process architecture: x64
Date: 2026-03-18T14:12:46Z

COMMAND LINE ARGUMENTS:
D:\Nikita\Unity\Hub\Editor\6000.3.11f1\Editor\Unity.exe
-adb2
-batchMode
-noUpm
-name
AssetImportWorker0
-projectPath
D:/Nikita/Unity/myProject/YandexGame
-logFile
Logs/AssetImportWorker0.log
-srvPort
49482
-job-worker-count
5
-background-job-worker-count
8
-gc-helper-count
1
-name
AssetImport
Successfully changed project path to: D:/Nikita/Unity/myProject/YandexGame
D:/Nikita/Unity/myProject/YandexGame
[UnityMemory] Configuration Parameters - Can be set up in boot.config
    "memorysetup-temp-allocator-size-nav-mesh-worker=65536"
    "memorysetup-temp-allocator-size-audio-worker=65536"
    "memorysetup-temp-allocator-size-gfx=262144"
    "memorysetup-allocator-temp-initial-block-size-main=262144"
    "memorysetup-allocator-temp-initial-block-size-worker=262144"
    "memorysetup-temp-allocator-size-background-worker=32768"
    "memorysetup-temp-allocator-size-job-worker=262144"
    "memorysetup-temp-allocator-size-preload-manager=33554432"
    "memorysetup-temp-allocator-size-gi-baking-worker=262144"
    "memorysetup-temp-allocator-size-gi-baking-worker=262144"
    "memorysetup-temp-allocator-size-gi-baking-worker=262144"
    "memorysetup-temp-allocator-size-gi-baking-worker=262144"
    "memorysetup-temp-allocator-size-gi-baking-worker=262144"
    "memorysetup-bucket-allocator-granularity=16"
    "memorysetup-bucket-allocator-bucket-count=8"
    "memorysetup-bucket-allocator-block-size=33554432"
    "memorysetup-bucket-allocator-block-count=8"
    "memorysetup-main-allocator-block-size=16777216"
    "memorysetup-thread-allocator-block-size=16777216"
    "memorysetup-gfx-main-allocator-block-size=16777216"
    "memorysetup-gfx-thread-allocator-block-size=16777216"
    "memorysetup-cache-allocator-block-size=4194304"
    "memorysetup-typetree-allocator-block-size=2097152"
    "memorysetup-profiler-bucket-allocator-granularity=16"
    "memorysetup-profiler-bucket-allocator-bucket-count=8"
    "memorysetup-profiler-bucket-allocator-block-size=33554432"
    "memorysetup-profiler-bucket-allocator-block-count=8"
    "memorysetup-profiler-allocator-block-size=16777216"
    "memorysetup-profiler-editor-allocator-block-size=1048576"
    "memorysetup-temp-allocator-size-main=16777216"
    "memorysetup-job-temp-allocator-block-size=2097152"
    "memorysetup-job-temp-allocator-block-size-background=1048576"
    "memorysetup-job-temp-allocator-reduction-small-platforms=262144"
    "memorysetup-temp-allocator-size-cloud-worker=32768"
Player connection [16816]  Target information:

Player connection [16816]  * "[IP] 192.168.0.101 [Port] 0 [Flags] 2 [Guid] 1840303112 [EditorId] 1840303112 [Version] 1048832 [Id] WindowsEditor(7,NIKITA) [Debug] 1 [PackageName] WindowsEditor [ProjectName] Editor" 

Player connection [16816] Host joined multi-casting on [225.0.0.222:54997]...
Player connection [16816] Host joined alternative multi-casting on [225.0.0.222:34997]...
JobSystem: Creating JobQueue using job-worker-count value 5
Input System module state changed to: Initialized.
[Physics::Module] Initialized fallback backend.
[Physics::Module] Id: 0xdecafbad
Library Redirect Path: Library/
[Physics::Module] Selected backend.
[Physics::Module] Name: PhysX
[Physics::Module] Id: 0xf2b8ea05
[Physics::Module] SDK Version: 4.1.2
[Physics::Module] Integration Version: 1.0.0
[Physics::Module] Threading Mode: Multi-Threaded
Refreshing native plugins compatible for Editor in 34.34 ms, found 4 plugins.
Preloading 0 native plugins for Editor in 0.00 ms.
Initialize engine version: 6000.3.11f1 (3000ef702840)
[Subsystems] Discovering subsystems at path D:/Nikita/Unity/Hub/Editor/6000.3.11f1/Editor/Data/Resources/UnitySubsystems
[Subsystems] Discovering subsystems at path D:/Nikita/Unity/myProject/YandexGame/Assets
GfxDevice: creating device client; kGfxThreadingModeNonThreaded
Direct3D:
    Version:  Direct3D 11.0 [level 11.1]
    Renderer: Intel(R) Iris(R) Xe Graphics (ID=0x46a8)
    Vendor:   Intel
    VRAM:     16236 MB
    Driver:   32.0.101.7080
Initialize mono
Mono path[0] = 'D:/Nikita/Unity/Hub/Editor/6000.3.11f1/Editor/Data/Managed'
Mono path[1] = 'D:/Nikita/Unity/Hub/Editor/6000.3.11f1/Editor/Data/MonoBleedingEdge/lib/mono/unityjit-win32'
Mono config path = 'D:/Nikita/Unity/Hub/Editor/6000.3.11f1/Editor/Data/MonoBleedingEdge/etc'
Using monoOptions --debugger-agent=transport=dt_socket,embedding=1,server=y,suspend=n,address=127.0.0.1:56640
Begin MonoManager ReloadAssembly
Registering precompiled unity dll's ...
Register platform support module: D:/Nikita/Unity/Hub/Editor/6000.3.11f1/Editor/Data/PlaybackEngines/WebGLSupport/UnityEditor.WebGL.Extensions.dll
Register platform support module: D:/Nikita/Unity/Hub/Editor/6000.3.11f1/Editor/Data/PlaybackEngines/WindowsStandaloneSupport/UnityEditor.WindowsStandalone.Extensions.dll
Registered in 0.005589 seconds.
- Loaded All Assemblies, in  3.762 seconds
Native extension for WindowsStandalone target not found
Native extension for WebGL target not found
[Licensing::Client] Error: HandshakeResponse reported an error:
	ResponseCode: 505
	ResponseStatus: Unsupported protocol version '1.18.0'.
[Licensing::Module] Error: Failed to handshake to channel: "LicenseClient-User"
[Licensing::IpcConnector] LicenseClient-User channel disconnected successfully.
[Licensing::IpcConnector] Successfully connected to: "LicenseClient-User-6000.3.11" at "2026-03-18T14:12:55.6291637Z"
[Licensing::Client] Handshaking with LicensingClient:
  Version:                 1.18.0+23225a6
  Session Id:              37033a3c1abf4d85af968beb62fb35e4
  Correlation Id:          6d12f167fa7daeb05bf51606e3da72d9
  External correlation Id: 2247505393422591776
  Machine Id:              PjmiVTPYQeyv+WZ33Tq9j//byBU=
[Licensing::Module] Successfully connected to LicensingClient on channel: "LicenseClient-User-6000.3.11" (connect: 0.00s, validation: 0.01s, handshake: 0.78s)
[Licensing::IpcConnector] Successfully connected to: "LicenseClient-User-6000.3.11-notifications" at "2026-03-18T14:12:56.4130694Z"
[Licensing::Module] Licensing Background thread has ended after 10.49s
Package Manager log level set to [2]
[Package Manager] Failed to launch server process. Reason: Unity was launched with the -noUpm command-line argument
[Package Manager] Unable to send message (not connected to server process).
[Package Manager] Cannot connect to Unity Package Manager local server
ScheduleIndexationOnStartup MainProcess:False IndexOnStartup:True
Mono: successfully reloaded assembly
- Finished resetting the current domain, in  2.861 seconds
Domain Reload Profiling: 6624ms
	BeginReloadAssembly (1686ms)
		ExecutionOrderSort (0ms)
		DisableScriptedObjects (0ms)
		BackupInstance (0ms)
		ReleaseScriptingObjects (0ms)
		CreateAndSetChildDomain (4ms)
	RebuildCommonClasses (345ms)
	RebuildNativeTypeToScriptingClass (63ms)
	initialDomainReloadingComplete (325ms)
	LoadAllAssembliesAndSetupDomain (1343ms)
		LoadAssemblies (1676ms)
		RebuildTransferFunctionScriptingTraits (0ms)
		AnalyzeDomain (1326ms)
			TypeCache.Refresh (1290ms)
				TypeCache.ScanAssembly (1215ms)
			BuildScriptInfoCaches (1ms)
			ResolveRequiredComponents (2ms)
	FinalizeReload (2863ms)
		ReleaseScriptCaches (0ms)
		RebuildScriptCaches (0ms)
		SetupLoadedEditorAssemblies (2638ms)
			LogAssemblyErrors (0ms)
			InitializePlatformSupportModulesInManaged (448ms)
			SetLoadedEditorAssemblies (30ms)
			BeforeProcessingInitializeOnLoad (478ms)
			ProcessInitializeOnLoadAttributes (1237ms)
			ProcessInitializeOnLoadMethodAttributes (444ms)
			AfterProcessingInitializeOnLoad (0ms)
			EditorAssembliesLoaded (1ms)
		ExecutionOrderSort2 (0ms)
		AwakeInstancesAfterBackupRestoration (0ms)
========================================================================
Worker process is ready to serve import requests
Import Worker Mode flag is 0x00
Begin MonoManager ReloadAssembly
[Licensing::Client] Successfully resolved entitlement details
[Licensing::Module] License group:
  Id: 18967082439034-UnityPersXXXX
  Product: Unity Personal
  Type: Assigned
  Expiration: Unlimited
- Loaded All Assemblies, in  4.691 seconds
Refreshing native plugins compatible for Editor in 15.81 ms, found 4 plugins.
Native extension for WindowsStandalone target not found
Native extension for WebGL target not found
[Package Manager] Failed to launch server process. Reason: Unity was launched with the -noUpm command-line argument
[Package Manager] Unable to send message (not connected to server process).
[Package Manager] Cannot connect to Unity Package Manager local server
Assertion failed on expression: '!AssetDatabase::IsAssetImportWorkerProcess()'
UnityEngine.Debug:ExtractStackTraceNoAlloc (byte*,int,string)
UnityEngine.StackTraceUtility:ExtractStackTrace ()
YG.EditorScr.AssetEditScope:Dispose () (at Assets/PluginYourGames/Scripts/EditorScr/FileYG.cs:143)
YG.EditorScr.DefineSymbols:ConversionPlatformConfigs () (at Assets/PluginYourGames/Scripts/EditorScr/DefineSymbols.cs:333)
YG.EditorScr.DefineSymbols:UpdateDefineSymbols () (at Assets/PluginYourGames/Scripts/EditorScr/DefineSymbols.cs:101)
YG.EditorScr.DefineSymbols:.cctor () (at Assets/PluginYourGames/Scripts/EditorScr/DefineSymbols.cs:39)
System.Runtime.CompilerServices.RuntimeHelpers:RunClassConstructor (System.RuntimeTypeHandle)
UnityEditor.EditorAssemblies:ProcessInitializeOnLoadAttributes (System.Type[])

[Assets/PluginYourGames/Scripts/EditorScr/FileYG.cs line 143]

Asset Pipeline Refresh (id=99cd9217b04ae6b48bcdfb24a27809a9): Total: 0.003 seconds - Initiated by StopAssetImportingV2(NoUpdateAssetOptions)
[ScriptCompilation] NOT recompiling all scripts because this is an import worker process. Reason to compile was: Define symbols changed
[Package Manager] Failed to launch server process. Reason: Unity was launched with the -noUpm command-line argument
[Package Manager] Unable to send message (not connected to server process).
[Package Manager] Cannot connect to Unity Package Manager local server
ScheduleIndexationOnStartup MainProcess:False IndexOnStartup:True
Mono: successfully reloaded assembly
- Finished resetting the current domain, in  4.180 seconds
Domain Reload Profiling: 8860ms
	BeginReloadAssembly (1157ms)
		ExecutionOrderSort (0ms)
		DisableScriptedObjects (34ms)
		BackupInstance (0ms)
		ReleaseScriptingObjects (0ms)
		CreateAndSetChildDomain (87ms)
	RebuildCommonClasses (213ms)
	RebuildNativeTypeToScriptingClass (70ms)
	initialDomainReloadingComplete (204ms)
	LoadAllAssembliesAndSetupDomain (3035ms)
		LoadAssemblies (2301ms)
		RebuildTransferFunctionScriptingTraits (0ms)
		AnalyzeDomain (1482ms)
			TypeCache.Refresh (1026ms)
				TypeCache.ScanAssembly (937ms)
			BuildScriptInfoCaches (351ms)
			ResolveRequiredComponents (78ms)
	FinalizeReload (4182ms)
		ReleaseScriptCaches (0ms)
		RebuildScriptCaches (0ms)
		SetupLoadedEditorAssemblies (3365ms)
			LogAssemblyErrors (0ms)
			InitializePlatformSupportModulesInManaged (11ms)
			SetLoadedEditorAssemblies (20ms)
			BeforeProcessingInitializeOnLoad (669ms)
			ProcessInitializeOnLoadAttributes (1927ms)
			ProcessInitializeOnLoadMethodAttributes (712ms)
			AfterProcessingInitializeOnLoad (25ms)
			EditorAssembliesLoaded (1ms)
		ExecutionOrderSort2 (0ms)
		AwakeInstancesAfterBackupRestoration (31ms)
Launched and connected shader compiler UnityShaderCompiler.exe after 0.05 seconds
Refreshing native plugins compatible for Editor in 5.85 ms, found 4 plugins.
Preloading 0 native plugins for Editor in 0.00 ms.
Unloading 16 Unused Serialized files (Serialized files now loaded: 0)
Unloading 7026 unused Assets / (2.0 MB). Loaded Objects now: 7862.
Memory consumption went from 156.5 MB to 154.6 MB.
Total: 27.559800 ms (FindLiveObjects: 1.760100 ms CreateObjectMapping: 2.021600 ms MarkObjects: 17.916600 ms  DeleteObjects: 5.857900 ms)

========================================================================
Received Import Request.
  Time since last request: 272408.352780 seconds.
  path: Assets/PluginYourGames/Scripts/Platform/PlatformSettings_langs.cs
  artifactKey: Guid(5ff65f0e5bf379b478042a113eb05908) Importer(2089858483,b0f066a214c2f5e87bad3c948f4d605d)
Start importing Assets/PluginYourGames/Scripts/Platform/PlatformSettings_langs.cs using Guid(5ff65f0e5bf379b478042a113eb05908) Importer(2089858483,b0f066a214c2f5e87bad3c948f4d605d) (ScriptedImporter) -> (artifact id: 'e8638417178f6e8c595452abddd20c17') in 0.4227043 seconds
Number of updated asset objects reloaded before import = 0Number of asset objects unloaded after import = 0

========================================================================
Received Import Request.
  Time since last request: 0.000059 seconds.
  path: Assets/PluginYourGames/Platforms/YandexGames/Scripts/Editor/LogoFormat.cs
  artifactKey: Guid(149818582ab8d7d41bd5ad1b58d8d8e8) Importer(2089858483,b0f066a214c2f5e87bad3c948f4d605d)
Start importing Assets/PluginYourGames/Platforms/YandexGames/Scripts/Editor/LogoFormat.cs using Guid(149818582ab8d7d41bd5ad1b58d8d8e8) Importer(2089858483,b0f066a214c2f5e87bad3c948f4d605d) (ScriptedImporter) -> (artifact id: '01483fd3da228642a4f2c672a2d81472') in 0.0285742 seconds
Number of updated asset objects reloaded before import = 0Number of asset objects unloaded after import = 0

========================================================================
Received Import Request.
  Time since last request: 0.000242 seconds.
  path: Assets/PluginYourGames/Example/Scripts/Scenes/AllDemoScenes.cs
  artifactKey: Guid(f26ff04bdeba23b44bb67277c6751819) Importer(2089858483,b0f066a214c2f5e87bad3c948f4d605d)
Start importing Assets/PluginYourGames/Example/Scripts/Scenes/AllDemoScenes.cs using Guid(f26ff04bdeba23b44bb67277c6751819) Importer(2089858483,b0f066a214c2f5e87bad3c948f4d605d) (ScriptedImporter) -> (artifact id: '1c9cf3cf5397a4b2b78e1986b2d0b18e') in 0.0350393 seconds
Number of updated asset objects reloaded before import = 0Number of asset objects unloaded after import = 0

========================================================================
Received Import Request.
  Time since last request: 0.000050 seconds.
  path: Assets/PluginYourGames/Platforms/YandexGames/Version.txt
  artifactKey: Guid(01e943773b7fe024daf84b056cc4f390) Importer(2089858483,b0f066a214c2f5e87bad3c948f4d605d)
Start importing Assets/PluginYourGames/Platforms/YandexGames/Version.txt using Guid(01e943773b7fe024daf84b056cc4f390) Importer(2089858483,b0f066a214c2f5e87bad3c948f4d605d) (ScriptedImporter) -> (artifact id: '4e5ca6377793a7592866f9df4a567275') in 0.0335513 seconds
Number of updated asset objects reloaded before import = 0Number of asset objects unloaded after import = 1

========================================================================
Received Import Request.
  Time since last request: 0.000077 seconds.
  path: Assets/PluginYourGames/Scripts/EditorScr/Translates/VersionControl_lang.cs
  artifactKey: Guid(821877fe6e984ec4cb856c666c99eecf) Importer(2089858483,b0f066a214c2f5e87bad3c948f4d605d)
Start importing Assets/PluginYourGames/Scripts/EditorScr/Translates/VersionControl_lang.cs using Guid(821877fe6e984ec4cb856c666c99eecf) Importer(2089858483,b0f066a214c2f5e87bad3c948f4d605d) (ScriptedImporter) -> (artifact id: '137f044c90f70ea60851ca55089fc605') in 0.0574699 seconds
Number of updated asset objects reloaded before import = 0Number of asset objects unloaded after import = 0

========================================================================
Received Import Request.
  Time since last request: 0.000059 seconds.
  path: Assets/PluginYourGames/Platforms/YandexGames/Scripts/OwnHost
  artifactKey: Guid(daad9222c4d27ec4291d54546d435f86) Importer(2089858483,b0f066a214c2f5e87bad3c948f4d605d)
Start importing Assets/PluginYourGames/Platforms/YandexGames/Scripts/OwnHost using Guid(daad9222c4d27ec4291d54546d435f86) Importer(2089858483,b0f066a214c2f5e87bad3c948f4d605d) (ScriptedImporter) -> (artifact id: '49c33e6b95c0b69621c1b6eaf1f6d2dd') in 0.0614622 seconds
Number of updated asset objects reloaded before import = 0Number of asset objects unloaded after import = 1

========================================================================
Received Import Request.
  Time since last request: 0.000061 seconds.
  path: Assets/PluginYourGames/Scripts/EditorScr/Attributes/HeaderYGAttribute.cs
  artifactKey: Guid(ec97f17c6e128614ba2adb892ec8e0f7) Importer(2089858483,b0f066a214c2f5e87bad3c948f4d605d)
Start importing Assets/PluginYourGames/Scripts/EditorScr/Attributes/HeaderYGAttribute.cs using Guid(ec97f17c6e128614ba2adb892ec8e0f7) Importer(2089858483,b0f066a214c2f5e87bad3c948f4d605d) (ScriptedImporter) -> (artifact id: 'c7ea142644299b438b8201eba247dcc0') in 0.0726784 seconds
Number of updated asset objects reloaded before import = 0Number of asset objects unloaded after import = 0

========================================================================
Received Import Request.
  Time since last request: 0.000051 seconds.
  path: Assets/PluginYourGames/Example/Scripts/Scenes/DemoSceneLoadButton.cs
  artifactKey: Guid(3afc465fb3d0eda46a1b046fd8032fd0) Importer(2089858483,b0f066a214c2f5e87bad3c948f4d605d)
Start importing Assets/PluginYourGames/Example/Scripts/Scenes/DemoSceneLoadButton.cs using Guid(3afc465fb3d0eda46a1b046fd8032fd0) Importer(2089858483,b0f066a214c2f5e87bad3c948f4d605d) (ScriptedImporter) -> (artifact id: 'aff2301b85d9a2021e611a9e6f8b1686') in 0.0345549 seconds
Number of updated asset objects reloaded before import = 0Number of asset objects unloaded after import = 0

========================================================================
Received Import Request.
  Time since last request: 0.000068 seconds.
  path: Assets/PluginYourGames/Example/Content
  artifactKey: Guid(efbf94a9de92b954a9d377652b0f3731) Importer(2089858483,b0f066a214c2f5e87bad3c948f4d605d)
Start importing Assets/PluginYourGames/Example/Content using Guid(efbf94a9de92b954a9d377652b0f3731) Importer(2089858483,b0f066a214c2f5e87bad3c948f4d605d) (ScriptedImporter) -> (artifact id: '58fa6bdd900f01e1f69e014849dadafa') in 0.0311654 seconds
Number of updated asset objects reloaded before import = 0Number of asset objects unloaded after import = 1

========================================================================
Received Import Request.
  Time since last request: 0.000052 seconds.
  path: Assets/PluginYourGames/Scripts/InfoYG/TemplateSettings.cs
  artifactKey: Guid(c40b2a66782f40c4da4becd38eacf374) Importer(2089858483,b0f066a214c2f5e87bad3c948f4d605d)
Start importing Assets/PluginYourGames/Scripts/InfoYG/TemplateSettings.cs using Guid(c40b2a66782f40c4da4becd38eacf374) Importer(2089858483,b0f066a214c2f5e87bad3c948f4d605d) (ScriptedImporter) -> (artifact id: 'b0f5ba1516d9ed1c320dbbd0dec3891d') in 0.0475701 seconds
Number of updated asset objects reloaded before import = 0Number of asset objects unloaded after import = 0

========================================================================
Received Import Request.
  Time since last request: 0.000074 seconds.
  path: Assets/PluginYourGames/Platforms/YandexGames
  artifactKey: Guid(ba618d99b665be84daf98565b0aaf794) Importer(2089858483,b0f066a214c2f5e87bad3c948f4d605d)
Start importing Assets/PluginYourGames/Platforms/YandexGames using Guid(ba618d99b665be84daf98565b0aaf794) Importer(2089858483,b0f066a214c2f5e87bad3c948f4d605d) (ScriptedImporter) -> (artifact id: 'e2ae679992521c437397cae139ea3c46') in 0.0281158 seconds
Number of updated asset objects reloaded before import = 0Number of asset objects unloaded after import = 1

========================================================================
Received Import Request.
  Time since last request: 0.000041 seconds.
  path: Assets/PluginYourGames/Platforms/YandexGames/Scripts/Editor/BackgroundFormat.cs
  artifactKey: Guid(aad2b8c333346804483bd07aa5d42380) Importer(2089858483,b0f066a214c2f5e87bad3c948f4d605d)
Start importing Assets/PluginYourGames/Platforms/YandexGames/Scripts/Editor/BackgroundFormat.cs using Guid(aad2b8c333346804483bd07aa5d42380) Importer(2089858483,b0f066a214c2f5e87bad3c948f4d605d) (ScriptedImporter) -> (artifact id: '7f9bef0841d217f8f5295775180de2a1') in 0.0321652 seconds
Number of updated asset objects reloaded before import = 0Number of asset objects unloaded after import = 0

========================================================================
Received Import Request.
  Time since last request: 0.000076 seconds.
  path: Assets/PluginYourGames/Scripts/Other/AdvCallingSimulation.cs
  artifactKey: Guid(ce43b64c768f0f047a4ae19026c4dea2) Importer(2089858483,b0f066a214c2f5e87bad3c948f4d605d)
Start importing Assets/PluginYourGames/Scripts/Other/AdvCallingSimulation.cs using Guid(ce43b64c768f0f047a4ae19026c4dea2) Importer(2089858483,b0f066a214c2f5e87bad3c948f4d605d) (ScriptedImporter) -> (artifact id: 'd80fc8156fa00b2ebb4d64d371e1e692') in 0.0571267 seconds
Number of updated asset objects reloaded before import = 0Number of asset objects unloaded after import = 0

========================================================================
Received Import Request.
  Time since last request: 0.000051 seconds.
  path: Assets/PluginYourGames/Platforms/YandexGames/Scripts/Editor/ProgressBar/RoundProgressBar.css
  artifactKey: Guid(1d0c3134d0cd46c4b89869e9dc0058d2) Importer(2089858483,b0f066a214c2f5e87bad3c948f4d605d)
Start importing Assets/PluginYourGames/Platforms/YandexGames/Scripts/Editor/ProgressBar/RoundProgressBar.css using Guid(1d0c3134d0cd46c4b89869e9dc0058d2) Importer(2089858483,b0f066a214c2f5e87bad3c948f4d605d) (ScriptedImporter) -> (artifact id: '3ca2726076e778bc31f49e4c34c8c5b3') in 0.0406997 seconds
Number of updated asset objects reloaded before import = 0Number of asset objects unloaded after import = 1

========================================================================
Received Import Request.
  Time since last request: 0.000073 seconds.
  path: Assets/PluginYourGames/Scripts/InfoYG/InfoYG.cs
  artifactKey: Guid(efa747916aa66674d96ea40ca8a480b2) Importer(2089858483,b0f066a214c2f5e87bad3c948f4d605d)
Start importing Assets/PluginYourGames/Scripts/InfoYG/InfoYG.cs using Guid(efa747916aa66674d96ea40ca8a480b2) Importer(2089858483,b0f066a214c2f5e87bad3c948f4d605d) (ScriptedImporter) -> (artifact id: 'c3a20e99b73454ae06979186172f06ac') in 0.0577342 seconds
Number of updated asset objects reloaded before import = 0Number of asset objects unloaded after import = 1

========================================================================
Received Import Request.
  Time since last request: 0.000053 seconds.
  path: Assets/PluginYourGames/Scripts/Server
  artifactKey: Guid(78d2e6c58063f7f4a9ef2618422b789f) Importer(2089858483,b0f066a214c2f5e87bad3c948f4d605d)
Start importing Assets/PluginYourGames/Scripts/Server using Guid(78d2e6c58063f7f4a9ef2618422b789f) Importer(2089858483,b0f066a214c2f5e87bad3c948f4d605d) (ScriptedImporter) -> (artifact id: '0b071d657027910b1dbf70a3bbdc6116') in 0.0752239 seconds
Number of updated asset objects reloaded before import = 0Number of asset objects unloaded after import = 1

========================================================================
Received Import Request.
  Time since last request: 0.000072 seconds.
  path: Assets/PluginYourGames/Example/Prefabs/SceneButton.prefab
  artifactKey: Guid(0274f1af22a91304ca0eae3ee2d0a8b0) Importer(2089858483,b0f066a214c2f5e87bad3c948f4d605d)
Start importing Assets/PluginYourGames/Example/Prefabs/SceneButton.prefab using Guid(0274f1af22a91304ca0eae3ee2d0a8b0) Importer(2089858483,b0f066a214c2f5e87bad3c948f4d605d) (ScriptedImporter) -> (artifact id: '69fd68536150054bd30b085b91dcec56') in 0.386477 seconds
Number of updated asset objects reloaded before import = 0Number of asset objects unloaded after import = 15

========================================================================
Received Import Request.
  Time since last request: 0.000063 seconds.
  path: Assets/PluginYourGames/Scripts/Server/Editor
  artifactKey: Guid(f3f79352583d39f489817d5e8254b284) Importer(2089858483,b0f066a214c2f5e87bad3c948f4d605d)
Start importing Assets/PluginYourGames/Scripts/Server/Editor using Guid(f3f79352583d39f489817d5e8254b284) Importer(2089858483,b0f066a214c2f5e87bad3c948f4d605d) (ScriptedImporter) -> (artifact id: '85d059376a349083c705cc2cbd073e6d') in 0.0293233 seconds
Number of updated asset objects reloaded before import = 0Number of asset objects unloaded after import = 1

========================================================================
Received Import Request.
  Time since last request: 0.000127 seconds.
  path: Assets/PluginYourGames/Scripts/Platform/Editor/AsmdefPlatformCreate.txt
  artifactKey: Guid(e51e14c87051abd488156a41f0dc4152) Importer(2089858483,b0f066a214c2f5e87bad3c948f4d605d)
Start importing Assets/PluginYourGames/Scripts/Platform/Editor/AsmdefPlatformCreate.txt using Guid(e51e14c87051abd488156a41f0dc4152) Importer(2089858483,b0f066a214c2f5e87bad3c948f4d605d) (ScriptedImporter) -> (artifact id: '40ce8607be375ffe9af32f542b37d230') in 0.0345917 seconds
Number of updated asset objects reloaded before import = 0Number of asset objects unloaded after import = 1

========================================================================
Received Import Request.
  Time since last request: 0.000051 seconds.
  path: Assets/PluginYourGames/Platforms/YandexGames/Scripts/Editor/ProgressBar/ProgressBar_build.cs
  artifactKey: Guid(0983f3cd77ac07e4f9fb2ac4a57e47fb) Importer(2089858483,b0f066a214c2f5e87bad3c948f4d605d)
Start importing Assets/PluginYourGames/Platforms/YandexGames/Scripts/Editor/ProgressBar/ProgressBar_build.cs using Guid(0983f3cd77ac07e4f9fb2ac4a57e47fb) Importer(2089858483,b0f066a214c2f5e87bad3c948f4d605d) (ScriptedImporter) -> (artifact id: '7f18967811973826f235e0df92640cb8') in 0.0439177 seconds
Number of updated asset objects reloaded before import = 0Number of asset objects unloaded after import = 0

========================================================================
Received Import Request.
  Time since last request: 0.000094 seconds.
  path: Assets/PluginYourGames/Scripts/Server/Editor/UpdatePluginYGTemp.txt
  artifactKey: Guid(3aebe6c9a1e86b949b110f3b4d2dc7e5) Importer(2089858483,b0f066a214c2f5e87bad3c948f4d605d)
Start importing Assets/PluginYourGames/Scripts/Server/Editor/UpdatePluginYGTemp.txt using Guid(3aebe6c9a1e86b949b110f3b4d2dc7e5) Importer(2089858483,b0f066a214c2f5e87bad3c948f4d605d) (ScriptedImporter) -> (artifact id: '049747d31ea94dc49f62e99a2a03cc15') in 0.0437239 seconds
Number of updated asset objects reloaded before import = 0Number of asset objects unloaded after import = 1

========================================================================
Received Import Request.
  Time since last request: 0.000046 seconds.
  path: Assets/PluginYourGames/Platforms/YandexGames/Scripts/YandexGamePlatform.cs
  artifactKey: Guid(4322622798075424fae33d5e7bbc21e7) Importer(2089858483,b0f066a214c2f5e87bad3c948f4d605d)
Start importing Assets/PluginYourGames/Platforms/YandexGames/Scripts/YandexGamePlatform.cs using Guid(4322622798075424fae33d5e7bbc21e7) Importer(2089858483,b0f066a214c2f5e87bad3c948f4d605d) (ScriptedImporter) -> (artifact id: '0b3d8f31a7f552717a342329455f6363') in 0.0296589 seconds
Number of updated asset objects reloaded before import = 0Number of asset objects unloaded after import = 0

========================================================================
Received Import Request.
  Time since last request: 0.000095 seconds.
  path: Assets/PluginYourGames/Scripts/EditorScr/Attributes/ColorYGAttribute.cs
  artifactKey: Guid(0f8729b41e2efa246994c797d974121f) Importer(2089858483,b0f066a214c2f5e87bad3c948f4d605d)
Start importing Assets/PluginYourGames/Scripts/EditorScr/Attributes/ColorYGAttribute.cs using Guid(0f8729b41e2efa246994c797d974121f) Importer(2089858483,b0f066a214c2f5e87bad3c948f4d605d) (ScriptedImporter) -> (artifact id: 'ebde47cd204ef0e8e23e3fdb9d8a5464') in 0.0304275 seconds
Number of updated asset objects reloaded before import = 0Number of asset objects unloaded after import = 0

========================================================================
Received Import Request.
  Time since last request: 0.000295 seconds.
  path: Assets/PluginYourGames/Scripts/EditorScr/TextStyles.cs
  artifactKey: Guid(60b0cb2c09ff5f74383fb91deafab973) Importer(2089858483,b0f066a214c2f5e87bad3c948f4d605d)
Start importing Assets/PluginYourGames/Scripts/EditorScr/TextStyles.cs using Guid(60b0cb2c09ff5f74383fb91deafab973) Importer(2089858483,b0f066a214c2f5e87bad3c948f4d605d) (ScriptedImporter) -> (artifact id: '88378c8cfddea81372ca9da292277fe5') in 0.0340205 seconds
Number of updated asset objects reloaded before import = 0Number of asset objects unloaded after import = 0

========================================================================
Received Import Request.
  Time since last request: 0.000067 seconds.
  path: Assets/PluginYourGames/Scripts/InfoYG/Editor/InfoYGEditorWindow.cs
  artifactKey: Guid(2d0fc8927ccd6034899f20587d64c103) Importer(2089858483,b0f066a214c2f5e87bad3c948f4d605d)
Start importing Assets/PluginYourGames/Scripts/InfoYG/Editor/InfoYGEditorWindow.cs using Guid(2d0fc8927ccd6034899f20587d64c103) Importer(2089858483,b0f066a214c2f5e87bad3c948f4d605d) (ScriptedImporter) -> (artifact id: 'd04555a45e03ea10f973ed19c943380c') in 0.0287329 seconds
Number of updated asset objects reloaded before import = 0Number of asset objects unloaded after import = 0

========================================================================
Received Import Request.
  Time since last request: 0.002763 seconds.
  path: Assets/PluginYourGames/Scripts/EditorScr/Editor/Icons/Debugging.png
  artifactKey: Guid(ca9ddac883dacb940a7630c22981f4ba) Importer(2089858483,b0f066a214c2f5e87bad3c948f4d605d)
Start importing Assets/PluginYourGames/Scripts/EditorScr/Editor/Icons/Debugging.png using Guid(ca9ddac883dacb940a7630c22981f4ba) Importer(2089858483,b0f066a214c2f5e87bad3c948f4d605d) (ScriptedImporter) -> (artifact id: '16160ec871731a50edc0ede204758c12') in 0.2068813 seconds
Number of updated asset objects reloaded before import = 0Number of asset objects unloaded after import = 1

========================================================================
Received Import Request.
  Time since last request: 0.000203 seconds.
  path: Assets/PluginYourGames/Scripts/Server/Editor/Utils/ModulesInstaller.cs
  artifactKey: Guid(3330dc68aefbda2409503ffd04841985) Importer(2089858483,b0f066a214c2f5e87bad3c948f4d605d)
Start importing Assets/PluginYourGames/Scripts/Server/Editor/Utils/ModulesInstaller.cs using Guid(3330dc68aefbda2409503ffd04841985) Importer(2089858483,b0f066a214c2f5e87bad3c948f4d605d) (ScriptedImporter) -> (artifact id: '326b3b53d227140326b39cefa1b740bc') in 0.0320583 seconds
Number of updated asset objects reloaded before import = 0Number of asset objects unloaded after import = 0

========================================================================
Received Import Request.
  Time since last request: 0.000064 seconds.
  path: Assets/PluginYourGames/Scripts/EditorScr/Attributes/LabelYGAttribute.cs
  artifactKey: Guid(fde912d7e07300649bb93b76bef76fbb) Importer(2089858483,b0f066a214c2f5e87bad3c948f4d605d)
Start importing Assets/PluginYourGames/Scripts/EditorScr/Attributes/LabelYGAttribute.cs using Guid(fde912d7e07300649bb93b76bef76fbb) Importer(2089858483,b0f066a214c2f5e87bad3c948f4d605d) (ScriptedImporter) -> (artifact id: '6aefec39f82d1f3c611ba7f114a2221d') in 0.0424648 seconds
Number of updated asset objects reloaded before import = 0Number of asset objects unloaded after import = 0

========================================================================
Received Import Request.
  Time since last request: 0.000067 seconds.
  path: Assets/PluginYourGames/Platforms/YandexGames/Plugins
  artifactKey: Guid(fdc92ecedd9120f418c19a3071ee7486) Importer(2089858483,b0f066a214c2f5e87bad3c948f4d605d)
Start importing Assets/PluginYourGames/Platforms/YandexGames/Plugins using Guid(fdc92ecedd9120f418c19a3071ee7486) Importer(2089858483,b0f066a214c2f5e87bad3c948f4d605d) (ScriptedImporter) -> (artifact id: '2c416637b8537b1001c42905285e65c6') in 0.0356099 seconds
Number of updated asset objects reloaded before import = 0Number of asset objects unloaded after import = 1

========================================================================
Received Import Request.
  Time since last request: 0.000101 seconds.
  path: Assets/PluginYourGames/Scripts/Other/Editor/PlatformEventsYG2Editor.cs
  artifactKey: Guid(4cd9c6683e7f1c543b3d1cef79dd409a) Importer(2089858483,b0f066a214c2f5e87bad3c948f4d605d)
Start importing Assets/PluginYourGames/Scripts/Other/Editor/PlatformEventsYG2Editor.cs using Guid(4cd9c6683e7f1c543b3d1cef79dd409a) Importer(2089858483,b0f066a214c2f5e87bad3c948f4d605d) (ScriptedImporter) -> (artifact id: 'f10eebd5bb4285b7dac0b4ba07e708d3') in 0.0320934 seconds
Number of updated asset objects reloaded before import = 0Number of asset objects unloaded after import = 0

========================================================================
Received Import Request.
  Time since last request: 0.000077 seconds.
  path: Assets/PluginYourGames/Scripts/Server/ServerInfo.cs
  artifactKey: Guid(5acdd59b28c09074d82c790ebf21da4a) Importer(2089858483,b0f066a214c2f5e87bad3c948f4d605d)
Start importing Assets/PluginYourGames/Scripts/Server/ServerInfo.cs using Guid(5acdd59b28c09074d82c790ebf21da4a) Importer(2089858483,b0f066a214c2f5e87bad3c948f4d605d) (ScriptedImporter) -> (artifact id: '4b7794b6bf736a26b7bee3252cc48489') in 0.0359686 seconds
Number of updated asset objects reloaded before import = 0Number of asset objects unloaded after import = 0

========================================================================
Received Import Request.
  Time since last request: 0.000047 seconds.
  path: Assets/PluginYourGames/Platforms/YandexGames/Scripts/Editor/TestLabel/TestLabel.css
  artifactKey: Guid(98c8ce0a1aa939b4cabbb7f145b166f4) Importer(2089858483,b0f066a214c2f5e87bad3c948f4d605d)
Start importing Assets/PluginYourGames/Platforms/YandexGames/Scripts/Editor/TestLabel/TestLabel.css using Guid(98c8ce0a1aa939b4cabbb7f145b166f4) Importer(2089858483,b0f066a214c2f5e87bad3c948f4d605d) (ScriptedImporter) -> (artifact id: 'b01e657e09dc7e1b684d67895614c469') in 0.0334633 seconds
Number of updated asset objects reloaded before import = 0Number of asset objects unloaded after import = 1

========================================================================
Received Import Request.
  Time since last request: 0.000063 seconds.
  path: Assets/PluginYourGames/Scripts/Other/Editor
  artifactKey: Guid(2e07877de13df18429c0d6d8a7a209ac) Importer(2089858483,b0f066a214c2f5e87bad3c948f4d605d)
Start importing Assets/PluginYourGames/Scripts/Other/Editor using Guid(2e07877de13df18429c0d6d8a7a209ac) Importer(2089858483,b0f066a214c2f5e87bad3c948f4d605d) (ScriptedImporter) -> (artifact id: '0b18df218759eb117e91f58491e51049') in 0.0739749 seconds
Number of updated asset objects reloaded before import = 0Number of asset objects unloaded after import = 1

========================================================================
Received Import Request.
  Time since last request: 0.000052 seconds.
  path: Assets/PluginYourGames/Scripts/Basic/IPlatformsYG2.cs
  artifactKey: Guid(a960448b8b6eea5419318dd74198de1a) Importer(2089858483,b0f066a214c2f5e87bad3c948f4d605d)
Start importing Assets/PluginYourGames/Scripts/Basic/IPlatformsYG2.cs using Guid(a960448b8b6eea5419318dd74198de1a) Importer(2089858483,b0f066a214c2f5e87bad3c948f4d605d) (ScriptedImporter) -> (artifact id: '89dda2ae1248d27e1a8e1a7fef82fad6') in 0.0358055 seconds
Number of updated asset objects reloaded before import = 0Number of asset objects unloaded after import = 0

========================================================================
Received Import Request.
  Time since last request: 0.000159 seconds.
  path: Assets/PluginYourGames/LICENSE.txt
  artifactKey: Guid(fc38d33b0ee6c02429764db4573b3d4d) Importer(2089858483,b0f066a214c2f5e87bad3c948f4d605d)
Start importing Assets/PluginYourGames/LICENSE.txt using Guid(fc38d33b0ee6c02429764db4573b3d4d) Importer(2089858483,b0f066a214c2f5e87bad3c948f4d605d) (ScriptedImporter) -> (artifact id: 'f200c578c30e2766c0f75d7ab25b1bbf') in 0.0336854 seconds
Number of updated asset objects reloaded before import = 0Number of asset objects unloaded after import = 1

========================================================================
Received Import Request.
  Time since last request: 0.000281 seconds.
  path: Assets/PluginYourGames/Scripts/Utils
  artifactKey: Guid(dd7b648acf3d71441874fe01269bffd4) Importer(2089858483,b0f066a214c2f5e87bad3c948f4d605d)
Start importing Assets/PluginYourGames/Scripts/Utils using Guid(dd7b648acf3d71441874fe01269bffd4) Importer(2089858483,b0f066a214c2f5e87bad3c948f4d605d) (ScriptedImporter) -> (artifact id: '6b5baf8635700f1c60057f7a5cd968a7') in 0.026755 seconds
Number of updated asset objects reloaded before import = 0Number of asset objects unloaded after import = 1

========================================================================
Received Import Request.
  Time since last request: 0.000074 seconds.
  path: Assets/PluginYourGames/Platforms/YandexGames/Scripts/Editor/GradientBackground/GradientBackground_build.cs
  artifactKey: Guid(8254432e64bbfa847b98d375758cf6e8) Importer(2089858483,b0f066a214c2f5e87bad3c948f4d605d)
Start importing Assets/PluginYourGames/Platforms/YandexGames/Scripts/Editor/GradientBackground/GradientBackground_build.cs using Guid(8254432e64bbfa847b98d375758cf6e8) Importer(2089858483,b0f066a214c2f5e87bad3c948f4d605d) (ScriptedImporter) -> (artifact id: '5934515e2156ce88aa16e6527c711a20') in 0.0353336 seconds
Number of updated asset objects reloaded before import = 0Number of asset objects unloaded after import = 0

========================================================================
Received Import Request.
  Time since last request: 0.000064 seconds.
  path: Assets/PluginYourGames/Platforms/YandexGames/Scripts/Editor/GradientBackground
  artifactKey: Guid(3c0f604b81e423549b92ff4f93187c0b) Importer(2089858483,b0f066a214c2f5e87bad3c948f4d605d)
Start importing Assets/PluginYourGames/Platforms/YandexGames/Scripts/Editor/GradientBackground using Guid(3c0f604b81e423549b92ff4f93187c0b) Importer(2089858483,b0f066a214c2f5e87bad3c948f4d605d) (ScriptedImporter) -> (artifact id: '0443c997f93780795f42b1b3ca869107') in 0.0396592 seconds
Number of updated asset objects reloaded before import = 0Number of asset objects unloaded after import = 1

========================================================================
Received Import Request.
  Time since last request: 0.000063 seconds.
  path: Assets/PluginYourGames/Example/Scripts/DemoTextTranslateRU.cs
  artifactKey: Guid(49e3917306023a649a4effa061700774) Importer(2089858483,b0f066a214c2f5e87bad3c948f4d605d)
Start importing Assets/PluginYourGames/Example/Scripts/DemoTextTranslateRU.cs using Guid(49e3917306023a649a4effa061700774) Importer(2089858483,b0f066a214c2f5e87bad3c948f4d605d) (ScriptedImporter) -> (artifact id: '222fc442cfa3b0115eda7971dded7b65') in 0.0353909 seconds
Number of updated asset objects reloaded before import = 0Number of asset objects unloaded after import = 0

========================================================================
Received Import Request.
  Time since last request: 0.000047 seconds.
  path: Assets/PluginYourGames/Example/Content/Font/LICENSE.txt
  artifactKey: Guid(79d08305648c075499abe50fc50367c4) Importer(2089858483,b0f066a214c2f5e87bad3c948f4d605d)
Start importing Assets/PluginYourGames/Example/Content/Font/LICENSE.txt using Guid(79d08305648c075499abe50fc50367c4) Importer(2089858483,b0f066a214c2f5e87bad3c948f4d605d) (ScriptedImporter) -> (artifact id: '7173705c47c8658844cece8ae9b5bc60') in 0.0319577 seconds
Number of updated asset objects reloaded before import = 0Number of asset objects unloaded after import = 1

========================================================================
Received Import Request.
  Time since last request: 0.000076 seconds.
  path: Assets/PluginYourGames/Scripts/Platform/CommonOptions.cs
  artifactKey: Guid(3d6436dfada3ed64786349523282e5b0) Importer(2089858483,b0f066a214c2f5e87bad3c948f4d605d)
Start importing Assets/PluginYourGames/Scripts/Platform/CommonOptions.cs using Guid(3d6436dfada3ed64786349523282e5b0) Importer(2089858483,b0f066a214c2f5e87bad3c948f4d605d) (ScriptedImporter) -> (artifact id: '00537598cba65442a64c251eef1ac225') in 0.0404576 seconds
Number of updated asset objects reloaded before import = 0Number of asset objects unloaded after import = 0

========================================================================
Received Import Request.
  Time since last request: 0.000056 seconds.
  path: Assets/PluginYourGames/Example/Scripts/BasicData.cs
  artifactKey: Guid(4dbfa4270a13bad4991ff375f39e8175) Importer(2089858483,b0f066a214c2f5e87bad3c948f4d605d)
Start importing Assets/PluginYourGames/Example/Scripts/BasicData.cs using Guid(4dbfa4270a13bad4991ff375f39e8175) Importer(2089858483,b0f066a214c2f5e87bad3c948f4d605d) (ScriptedImporter) -> (artifact id: 'd59a954e8b9236291d7148a73616d7ef') in 0.0474408 seconds
Number of updated asset objects reloaded before import = 0Number of asset objects unloaded after import = 0

========================================================================
Received Import Request.
  Time since last request: 0.000066 seconds.
  path: Assets/PluginYourGames/Platforms/YandexGames/Scripts/Editor/ProgressBar
  artifactKey: Guid(e0beae53c2ceb1741bc4960fd04ddf10) Importer(2089858483,b0f066a214c2f5e87bad3c948f4d605d)
Start importing Assets/PluginYourGames/Platforms/YandexGames/Scripts/Editor/ProgressBar using Guid(e0beae53c2ceb1741bc4960fd04ddf10) Importer(2089858483,b0f066a214c2f5e87bad3c948f4d605d) (ScriptedImporter) -> (artifact id: '52693fd144801ee4f353eeb5a037b9c1') in 0.0341873 seconds
Number of updated asset objects reloaded before import = 0Number of asset objects unloaded after import = 1

========================================================================
Received Import Request.
  Time since last request: 0.000042 seconds.
  path: Assets/PluginYourGames/Scripts/EditorScr/Editor/BuildModify/ArchivingBuild.cs
  artifactKey: Guid(8ae2063ae9af1c0418943542136f4ff1) Importer(2089858483,b0f066a214c2f5e87bad3c948f4d605d)
Start importing Assets/PluginYourGames/Scripts/EditorScr/Editor/BuildModify/ArchivingBuild.cs using Guid(8ae2063ae9af1c0418943542136f4ff1) Importer(2089858483,b0f066a214c2f5e87bad3c948f4d605d) (ScriptedImporter) -> (artifact id: 'a72fec82fac028177f28a5db3fcad560') in 0.0407202 seconds
Number of updated asset objects reloaded before import = 0Number of asset objects unloaded after import = 0

========================================================================
Received Import Request.
  Time since last request: 0.000046 seconds.
  path: Assets/PluginYourGames/Platforms
  artifactKey: Guid(e9f2b979c997bc84199f6e238e0388cf) Importer(2089858483,b0f066a214c2f5e87bad3c948f4d605d)
Start importing Assets/PluginYourGames/Platforms using Guid(e9f2b979c997bc84199f6e238e0388cf) Importer(2089858483,b0f066a214c2f5e87bad3c948f4d605d) (ScriptedImporter) -> (artifact id: '56aacd014b428c1008704fa00a8aa8cf') in 0.040141 seconds
Number of updated asset objects reloaded before import = 0Number of asset objects unloaded after import = 1

========================================================================
Received Import Request.
  Time since last request: 0.000083 seconds.
  path: Assets/PluginYourGames/Scripts/EditorScr/Editor/EditorUtils.cs
  artifactKey: Guid(0e58758f9342722408ed7bf2cbd3e801) Importer(2089858483,b0f066a214c2f5e87bad3c948f4d605d)
Start importing Assets/PluginYourGames/Scripts/EditorScr/Editor/EditorUtils.cs using Guid(0e58758f9342722408ed7bf2cbd3e801) Importer(2089858483,b0f066a214c2f5e87bad3c948f4d605d) (ScriptedImporter) -> (artifact id: '68e432abee934c25b3a8d2f364b4b308') in 0.0345288 seconds
Number of updated asset objects reloaded before import = 0Number of asset objects unloaded after import = 0

========================================================================
Received Import Request.
  Time since last request: 0.000058 seconds.
  path: Assets/PluginYourGames/Manual RU PluginYG2.pdf
  artifactKey: Guid(dc20d8f5341767b4e836b81c64ef1a89) Importer(2089858483,b0f066a214c2f5e87bad3c948f4d605d)
Start importing Assets/PluginYourGames/Manual RU PluginYG2.pdf using Guid(dc20d8f5341767b4e836b81c64ef1a89) Importer(2089858483,b0f066a214c2f5e87bad3c948f4d605d) (ScriptedImporter) -> (artifact id: 'f506f1ba4f098f784f082581006d2e5a') in 0.0664739 seconds
Number of updated asset objects reloaded before import = 0Number of asset objects unloaded after import = 1

========================================================================
Received Import Request.
  Time since last request: 0.000070 seconds.
  path: Assets/PluginYourGames/Scripts/Utils/Plugins/PluginYGCommon.jslib
  artifactKey: Guid(00685b50a3bb546459fb12c5ae3f899f) Importer(2089858483,b0f066a214c2f5e87bad3c948f4d605d)
Start importing Assets/PluginYourGames/Scripts/Utils/Plugins/PluginYGCommon.jslib using Guid(00685b50a3bb546459fb12c5ae3f899f) Importer(2089858483,b0f066a214c2f5e87bad3c948f4d605d) (ScriptedImporter) -> (artifact id: '7fa3390f1bc4cc37d4d70c8e3e8d04d9') in 0.0412202 seconds
Number of updated asset objects reloaded before import = 0Number of asset objects unloaded after import = 0

========================================================================
Received Import Request.
  Time since last request: 0.000188 seconds.
  path: Assets/PluginYourGames/Scripts/Other/PauseGameYG.cs
  artifactKey: Guid(7a5b227a20855044e9f75626696e0719) Importer(2089858483,b0f066a214c2f5e87bad3c948f4d605d)
Start importing Assets/PluginYourGames/Scripts/Other/PauseGameYG.cs using Guid(7a5b227a20855044e9f75626696e0719) Importer(2089858483,b0f066a214c2f5e87bad3c948f4d605d) (ScriptedImporter) -> (artifact id: 'efb5e3885ec24229914d30aa601d14dc') in 0.0696211 seconds
Number of updated asset objects reloaded before import = 0Number of asset objects unloaded after import = 0

========================================================================
Received Import Request.
  Time since last request: 0.000047 seconds.
  path: Assets/PluginYourGames/Scripts/Basic/InitAttributes.cs
  artifactKey: Guid(dce0f07b9d839134797a30657aeb48b9) Importer(2089858483,b0f066a214c2f5e87bad3c948f4d605d)
Start importing Assets/PluginYourGames/Scripts/Basic/InitAttributes.cs using Guid(dce0f07b9d839134797a30657aeb48b9) Importer(2089858483,b0f066a214c2f5e87bad3c948f4d605d) (ScriptedImporter) -> (artifact id: 'fd45ba2131ddb997380ef783e847b114') in 0.034602 seconds
Number of updated asset objects reloaded before import = 0Number of asset objects unloaded after import = 0

========================================================================
Received Import Request.
  Time since last request: 0.000070 seconds.
  path: Assets/PluginYourGames/Scripts/Basic/YGSendMessage.cs
  artifactKey: Guid(10134890f18e21646bea592611585f5b) Importer(2089858483,b0f066a214c2f5e87bad3c948f4d605d)
Start importing Assets/PluginYourGames/Scripts/Basic/YGSendMessage.cs using Guid(10134890f18e21646bea592611585f5b) Importer(2089858483,b0f066a214c2f5e87bad3c948f4d605d) (ScriptedImporter) -> (artifact id: '8155f3fb7f366185990d9af839016c30') in 0.0345811 seconds
Number of updated asset objects reloaded before import = 0Number of asset objects unloaded after import = 0

========================================================================
Received Import Request.
  Time since last request: 0.000105 seconds.
  path: Assets/PluginYourGames/Scripts/Server/Editor/Utils/ModulesList.cs
  artifactKey: Guid(9d05e901341089e4a82a673746e45ce5) Importer(2089858483,b0f066a214c2f5e87bad3c948f4d605d)
Start importing Assets/PluginYourGames/Scripts/Server/Editor/Utils/ModulesList.cs using Guid(9d05e901341089e4a82a673746e45ce5) Importer(2089858483,b0f066a214c2f5e87bad3c948f4d605d) (ScriptedImporter) -> (artifact id: '0fb2bb19da7c471eca777c789968732b') in 0.0395602 seconds
Number of updated asset objects reloaded before import = 0Number of asset objects unloaded after import = 0

========================================================================
Received Import Request.
  Time since last request: 0.000063 seconds.
  path: Assets/PluginYourGames/Platforms/YandexGames/Scripts/Editor/AspectRatio/AspectRatio_build.cs
  artifactKey: Guid(696aca93f688b2945acff84e4231e282) Importer(2089858483,b0f066a214c2f5e87bad3c948f4d605d)
Start importing Assets/PluginYourGames/Platforms/YandexGames/Scripts/Editor/AspectRatio/AspectRatio_build.cs using Guid(696aca93f688b2945acff84e4231e282) Importer(2089858483,b0f066a214c2f5e87bad3c948f4d605d) (ScriptedImporter) -> (artifact id: 'f4cdf775b5081ad2bcc7e5ff8d5ee50d') in 0.0481337 seconds
Number of updated asset objects reloaded before import = 0Number of asset objects unloaded after import = 0

========================================================================
Received Import Request.
  Time since last request: 0.000046 seconds.
  path: Assets/PluginYourGames/Example/Prefabs
  artifactKey: Guid(7aafa95475300ba47ad7ed392f2624ba) Importer(2089858483,b0f066a214c2f5e87bad3c948f4d605d)
Start importing Assets/PluginYourGames/Example/Prefabs using Guid(7aafa95475300ba47ad7ed392f2624ba) Importer(2089858483,b0f066a214c2f5e87bad3c948f4d605d) (ScriptedImporter) -> (artifact id: '987c4af362d50924a04e204dbdfc9ff5') in 0.0441915 seconds
Number of updated asset objects reloaded before import = 0Number of asset objects unloaded after import = 1

========================================================================
Received Import Request.
  Time since last request: 0.000069 seconds.
  path: Assets/PluginYourGames/Example/Content/Font
  artifactKey: Guid(2751203d25461ec4d8e907d9d4cdac2e) Importer(2089858483,b0f066a214c2f5e87bad3c948f4d605d)
Start importing Assets/PluginYourGames/Example/Content/Font using Guid(2751203d25461ec4d8e907d9d4cdac2e) Importer(2089858483,b0f066a214c2f5e87bad3c948f4d605d) (ScriptedImporter) -> (artifact id: '9a350b4a9e3d8ec75675937bcfbee3f8') in 0.0333046 seconds
Number of updated asset objects reloaded before import = 0Number of asset objects unloaded after import = 1

========================================================================
Received Import Request.
  Time since last request: 0.000049 seconds.
  path: Assets/PluginYourGames/Scripts/Other/EventsYG2.cs
  artifactKey: Guid(341f31e995335eb49bcb5f79b009a4cc) Importer(2089858483,b0f066a214c2f5e87bad3c948f4d605d)
Start importing Assets/PluginYourGames/Scripts/Other/EventsYG2.cs using Guid(341f31e995335eb49bcb5f79b009a4cc) Importer(2089858483,b0f066a214c2f5e87bad3c948f4d605d) (ScriptedImporter) -> (artifact id: '061aa8f6b08577a7d9bd02b520cef36c') in 0.0994418 seconds
Number of updated asset objects reloaded before import = 0Number of asset objects unloaded after import = 1

========================================================================
Received Import Request.
  Time since last request: 0.000058 seconds.
  path: Assets/PluginYourGames/Platforms/YandexGames/Scripts/Editor/TestLabel/TestLabel_build.cs
  artifactKey: Guid(a69a2a0f3a8a53c468179c686d9755a9) Importer(2089858483,b0f066a214c2f5e87bad3c948f4d605d)
Start importing Assets/PluginYourGames/Platforms/YandexGames/Scripts/Editor/TestLabel/TestLabel_build.cs using Guid(a69a2a0f3a8a53c468179c686d9755a9) Importer(2089858483,b0f066a214c2f5e87bad3c948f4d605d) (ScriptedImporter) -> (artifact id: '64e76d07c35b1ca19e4b1950ed03ad96') in 0.0437914 seconds
Number of updated asset objects reloaded before import = 0Number of asset objects unloaded after import = 0

========================================================================
Received Import Request.
  Time since last request: 0.000242 seconds.
  path: Assets/PluginYourGames/Scripts/EditorScr/Module.cs
  artifactKey: Guid(7ead194b6ec91814fb0140f8c18b6cf6) Importer(2089858483,b0f066a214c2f5e87bad3c948f4d605d)
Start importing Assets/PluginYourGames/Scripts/EditorScr/Module.cs using Guid(7ead194b6ec91814fb0140f8c18b6cf6) Importer(2089858483,b0f066a214c2f5e87bad3c948f4d605d) (ScriptedImporter) -> (artifact id: '51cc676ed6d1528dd1a77a6896f7b69d') in 0.0358967 seconds
Number of updated asset objects reloaded before import = 0Number of asset objects unloaded after import = 0

========================================================================
Received Import Request.
  Time since last request: 0.000060 seconds.
  path: Assets/PluginYourGames/Scripts/EditorScr/Editor/Icons/Platform.png
  artifactKey: Guid(78704f9de18ec0d40964fd072709ecdd) Importer(2089858483,b0f066a214c2f5e87bad3c948f4d605d)
Start importing Assets/PluginYourGames/Scripts/EditorScr/Editor/Icons/Platform.png using Guid(78704f9de18ec0d40964fd072709ecdd) Importer(2089858483,b0f066a214c2f5e87bad3c948f4d605d) (ScriptedImporter) -> (artifact id: 'd49322ad78179652e7e712468a0fcd84') in 0.0405628 seconds
Number of updated asset objects reloaded before import = 0Number of asset objects unloaded after import = 1

========================================================================
Received Import Request.
  Time since last request: 0.000063 seconds.
  path: Assets/PluginYourGames/Scripts/Server/Editor/Utils/ModuleQueue.cs
  artifactKey: Guid(f21fdb2cca2ad0b4cab502dbce6171a6) Importer(2089858483,b0f066a214c2f5e87bad3c948f4d605d)
Start importing Assets/PluginYourGames/Scripts/Server/Editor/Utils/ModuleQueue.cs using Guid(f21fdb2cca2ad0b4cab502dbce6171a6) Importer(2089858483,b0f066a214c2f5e87bad3c948f4d605d) (ScriptedImporter) -> (artifact id: '4819d0f9f6268c70872476ee90c36cd4') in 0.0418074 seconds
Number of updated asset objects reloaded before import = 0Number of asset objects unloaded after import = 0

Editor requested this worker to shutdown with reason: Scaling down because of idle timeout
AssetImportWorker is now disconnected from the server
Process exiting
Exiting without the bug reporter. Application will terminate with return code 0