Built from '6000.3/staging' branch; Version is '6000.3.11f1 (3000ef702840) revision 3145967'; Using compiler version '194234433'; Build Type 'Release'
[Licensing::Module] Trying to connect to existing licensing client channel...
OS: 'Windows 11  (10.0.26200) Professional' Language: 'ru' Physical Memory: 32472 MB
BatchMode: 1, IsHumanControllingUs: 0, StartBugReporterOnCrash: 0, Is64bit: 1
System  architecture: x64
Process architecture: x64
Date: 2026-03-16T16:59:29Z
[Licensing::IpcConnector] Successfully connected to: "LicenseClient-User" at "2026-03-16T16:59:29.0612202Z"

COMMAND LINE ARGUMENTS:
D:\Nikita\Unity\Hub\Editor\6000.3.11f1\Editor\Unity.exe
-adb2
-batchMode
-noUpm
-name
AssetImportWorker4
-projectPath
D:/Nikita/Unity/myProject/YandexGame
-logFile
Logs/AssetImportWorker4.log
-srvPort
50038
-licensingIpc
LicenseClient-User
-job-worker-count
5
-background-job-worker-count
8
-gc-helper-count
1
-name
AssetImport
Successfully changed project path to: D:/Nikita/Unity/myProject/YandexGame
D:/Nikita/Unity/myProject/YandexGame
[UnityMemory] Configuration Parameters - Can be set up in boot.config
    "memorysetup-temp-allocator-size-nav-mesh-worker=65536"
    "memorysetup-temp-allocator-size-audio-worker=65536"
    "memorysetup-temp-allocator-size-gfx=262144"
    "memorysetup-allocator-temp-initial-block-size-main=262144"
    "memorysetup-allocator-temp-initial-block-size-worker=262144"
    "memorysetup-temp-allocator-size-background-worker=32768"
    "memorysetup-temp-allocator-size-job-worker=262144"
    "memorysetup-temp-allocator-size-preload-manager=33554432"
    "memorysetup-temp-allocator-size-gi-baking-worker=262144"
    "memorysetup-temp-allocator-size-gi-baking-worker=262144"
    "memorysetup-temp-allocator-size-gi-baking-worker=262144"
    "memorysetup-temp-allocator-size-gi-baking-worker=262144"
    "memorysetup-temp-allocator-size-gi-baking-worker=262144"
    "memorysetup-bucket-allocator-granularity=16"
    "memorysetup-bucket-allocator-bucket-count=8"
    "memorysetup-bucket-allocator-block-size=33554432"
    "memorysetup-bucket-allocator-block-count=8"
    "memorysetup-main-allocator-block-size=16777216"
    "memorysetup-thread-allocator-block-size=16777216"
    "memorysetup-gfx-main-allocator-block-size=16777216"
    "memorysetup-gfx-thread-allocator-block-size=16777216"
    "memorysetup-cache-allocator-block-size=4194304"
    "memorysetup-typetree-allocator-block-size=2097152"
    "memorysetup-profiler-bucket-allocator-granularity=16"
    "memorysetup-profiler-bucket-allocator-bucket-count=8"
    "memorysetup-profiler-bucket-allocator-block-size=33554432"
    "memorysetup-profiler-bucket-allocator-block-count=8"
    "memorysetup-profiler-allocator-block-size=16777216"
    "memorysetup-profiler-editor-allocator-block-size=1048576"
    "memorysetup-temp-allocator-size-main=16777216"
    "memorysetup-job-temp-allocator-block-size=2097152"
    "memorysetup-job-temp-allocator-block-size-background=1048576"
    "memorysetup-job-temp-allocator-reduction-small-platforms=262144"
    "memorysetup-temp-allocator-size-cloud-worker=32768"
Player connection [8356]  Target information:

Player connection [8356]  * "[IP] 192.168.0.102 [Port] 0 [Flags] 2 [Guid] 2130926709 [EditorId] 2130926709 [Version] 1048832 [Id] WindowsEditor(7,NIKITA) [Debug] 1 [PackageName] WindowsEditor [ProjectName] Editor" 

Player connection [8356] Host joined multi-casting on [225.0.0.222:54997]...
Player connection [8356] Host joined alternative multi-casting on [225.0.0.222:34997]...
JobSystem: Creating JobQueue using job-worker-count value 5
Input System module state changed to: Initialized.
[Physics::Module] Initialized fallback backend.
[Physics::Module] Id: 0xdecafbad
Library Redirect Path: Library/
[Physics::Module] Selected backend.
[Physics::Module] Name: PhysX
[Physics::Module] Id: 0xf2b8ea05
[Physics::Module] SDK Version: 4.1.2
[Physics::Module] Integration Version: 1.0.0
[Physics::Module] Threading Mode: Multi-Threaded
Refreshing native plugins compatible for Editor in 26.58 ms, found 4 plugins.
Preloading 0 native plugins for Editor in 0.00 ms.
Initialize engine version: 6000.3.11f1 (3000ef702840)
[Subsystems] Discovering subsystems at path D:/Nikita/Unity/Hub/Editor/6000.3.11f1/Editor/Data/Resources/UnitySubsystems
[Subsystems] Discovering subsystems at path D:/Nikita/Unity/myProject/YandexGame/Assets
GfxDevice: creating device client; kGfxThreadingModeNonThreaded
Direct3D:
    Version:  Direct3D 11.0 [level 11.1]
    Renderer: Intel(R) Iris(R) Xe Graphics (ID=0x46a8)
    Vendor:   Intel
    VRAM:     16236 MB
    Driver:   32.0.101.7080
Initialize mono
Mono path[0] = 'D:/Nikita/Unity/Hub/Editor/6000.3.11f1/Editor/Data/Managed'
Mono path[1] = 'D:/Nikita/Unity/Hub/Editor/6000.3.11f1/Editor/Data/MonoBleedingEdge/lib/mono/unityjit-win32'
Mono config path = 'D:/Nikita/Unity/Hub/Editor/6000.3.11f1/Editor/Data/MonoBleedingEdge/etc'
Using monoOptions --debugger-agent=transport=dt_socket,embedding=1,server=y,suspend=n,address=127.0.0.1:56280
Begin MonoManager ReloadAssembly
Registering precompiled unity dll's ...
Register platform support module: D:/Nikita/Unity/Hub/Editor/6000.3.11f1/Editor/Data/PlaybackEngines/WebGLSupport/UnityEditor.WebGL.Extensions.dll
Register platform support module: D:/Nikita/Unity/Hub/Editor/6000.3.11f1/Editor/Data/PlaybackEngines/WindowsStandaloneSupport/UnityEditor.WindowsStandalone.Extensions.dll
Registered in 0.005623 seconds.
- Loaded All Assemblies, in  2.670 seconds
Native extension for WindowsStandalone target not found
Native extension for WebGL target not found
[Licensing::Client] Error: HandshakeResponse reported an error:
	ResponseCode: 505
	ResponseStatus: Unsupported protocol version '1.18.0'.
[Licensing::Module] Error: Failed to handshake to channel: "LicenseClient-User"
[Licensing::IpcConnector] LicenseClient-User channel disconnected successfully.
[Licensing::IpcConnector] Successfully connected to: "LicenseClient-User-6000.3.11" at "2026-03-16T16:59:35.8740272Z"
[Licensing::Client] Handshaking with LicensingClient:
  Version:                 1.18.0+23225a6
  Session Id:              71d7671992ec4af4a7bcf12f1981f887
  Correlation Id:          0dcdd6d11bf548b412bce98829aba2c3
  External correlation Id: 7360943642526310357
  Machine Id:              PjmiVTPYQeyv+WZ33Tq9j//byBU=
[Licensing::Module] Successfully connected to LicensingClient on channel: "LicenseClient-User-6000.3.11" (connect: 0.00s, validation: 0.01s, handshake: 0.30s)
[Licensing::IpcConnector] Successfully connected to: "LicenseClient-User-6000.3.11-notifications" at "2026-03-16T16:59:36.182823Z"
[Licensing::Module] Licensing Background thread has ended after 7.12s
Package Manager log level set to [2]
[Package Manager] Failed to launch server process. Reason: Unity was launched with the -noUpm command-line argument
[Package Manager] Unable to send message (not connected to server process).
[Package Manager] Cannot connect to Unity Package Manager local server
ScheduleIndexationOnStartup MainProcess:False IndexOnStartup:True
Mono: successfully reloaded assembly
- Finished resetting the current domain, in  1.399 seconds
Domain Reload Profiling: 4065ms
	BeginReloadAssembly (937ms)
		ExecutionOrderSort (0ms)
		DisableScriptedObjects (0ms)
		BackupInstance (0ms)
		ReleaseScriptingObjects (0ms)
		CreateAndSetChildDomain (3ms)
	RebuildCommonClasses (360ms)
	RebuildNativeTypeToScriptingClass (158ms)
	initialDomainReloadingComplete (327ms)
	LoadAllAssembliesAndSetupDomain (881ms)
		LoadAssemblies (893ms)
		RebuildTransferFunctionScriptingTraits (0ms)
		AnalyzeDomain (861ms)
			TypeCache.Refresh (856ms)
				TypeCache.ScanAssembly (809ms)
			BuildScriptInfoCaches (0ms)
			ResolveRequiredComponents (2ms)
	FinalizeReload (1401ms)
		ReleaseScriptCaches (0ms)
		RebuildScriptCaches (0ms)
		SetupLoadedEditorAssemblies (1224ms)
			LogAssemblyErrors (0ms)
			InitializePlatformSupportModulesInManaged (201ms)
			SetLoadedEditorAssemblies (12ms)
			BeforeProcessingInitializeOnLoad (348ms)
			ProcessInitializeOnLoadAttributes (440ms)
			ProcessInitializeOnLoadMethodAttributes (222ms)
			AfterProcessingInitializeOnLoad (0ms)
			EditorAssembliesLoaded (0ms)
		ExecutionOrderSort2 (0ms)
		AwakeInstancesAfterBackupRestoration (0ms)
========================================================================
Worker process is ready to serve import requests
Import Worker Mode flag is 0x00
Begin MonoManager ReloadAssembly
[Licensing::Client] Successfully resolved entitlement details
[Licensing::Module] License group:
  Id: 18967082439034-UnityPersXXXX
  Product: Unity Personal
  Type: Assigned
  Expiration: Unlimited
- Loaded All Assemblies, in  2.388 seconds
Refreshing native plugins compatible for Editor in 3.21 ms, found 4 plugins.
Native extension for WindowsStandalone target not found
Native extension for WebGL target not found
[Package Manager] Failed to launch server process. Reason: Unity was launched with the -noUpm command-line argument
[Package Manager] Unable to send message (not connected to server process).
[Package Manager] Cannot connect to Unity Package Manager local server
[Package Manager] Failed to launch server process. Reason: Unity was launched with the -noUpm command-line argument
[Package Manager] Unable to send message (not connected to server process).
[Package Manager] Cannot connect to Unity Package Manager local server
ScheduleIndexationOnStartup MainProcess:False IndexOnStartup:True
Mono: successfully reloaded assembly
- Finished resetting the current domain, in  2.158 seconds
Domain Reload Profiling: 4539ms
	BeginReloadAssembly (505ms)
		ExecutionOrderSort (0ms)
		DisableScriptedObjects (20ms)
		BackupInstance (0ms)
		ReleaseScriptingObjects (0ms)
		CreateAndSetChildDomain (70ms)
	RebuildCommonClasses (122ms)
	RebuildNativeTypeToScriptingClass (41ms)
	initialDomainReloadingComplete (104ms)
	LoadAllAssembliesAndSetupDomain (1608ms)
		LoadAssemblies (1060ms)
		RebuildTransferFunctionScriptingTraits (0ms)
		AnalyzeDomain (837ms)
			TypeCache.Refresh (549ms)
				TypeCache.ScanAssembly (511ms)
			BuildScriptInfoCaches (245ms)
			ResolveRequiredComponents (32ms)
	FinalizeReload (2159ms)
		ReleaseScriptCaches (0ms)
		RebuildScriptCaches (0ms)
		SetupLoadedEditorAssemblies (1741ms)
			LogAssemblyErrors (0ms)
			InitializePlatformSupportModulesInManaged (7ms)
			SetLoadedEditorAssemblies (10ms)
			BeforeProcessingInitializeOnLoad (404ms)
			ProcessInitializeOnLoadAttributes (965ms)
			ProcessInitializeOnLoadMethodAttributes (345ms)
			AfterProcessingInitializeOnLoad (9ms)
			EditorAssembliesLoaded (1ms)
		ExecutionOrderSort2 (0ms)
		AwakeInstancesAfterBackupRestoration (17ms)
Launched and connected shader compiler UnityShaderCompiler.exe after 0.05 seconds
Refreshing native plugins compatible for Editor in 4.80 ms, found 4 plugins.
Preloading 0 native plugins for Editor in 0.00 ms.
Unloading 16 Unused Serialized files (Serialized files now loaded: 0)
Unloading 6898 unused Assets / (5.7 MB). Loaded Objects now: 7721.
Memory consumption went from 154.8 MB to 149.2 MB.
Total: 23.034600 ms (FindLiveObjects: 1.641400 ms CreateObjectMapping: 1.586700 ms MarkObjects: 13.393900 ms  DeleteObjects: 6.409100 ms)

========================================================================
Received Import Request.
  Time since last request: 109560.249070 seconds.
  path: Assets/Prefabs/Warriors/Warrior.prefab
  artifactKey: Guid(4b4bb2801ba9a584d8851302c9162528) Importer(815301076,1909f56bfc062723c751e8b465ee728b)
Start importing Assets/Prefabs/Warriors/Warrior.prefab using Guid(4b4bb2801ba9a584d8851302c9162528) Importer(815301076,1909f56bfc062723c751e8b465ee728b) (PreviewImporter) -> (artifact id: '34230f2ac85910283b6aec9062658688') in 1.1329238 seconds
Number of updated asset objects reloaded before import = 0Number of asset objects unloaded after import = 72

========================================================================
Received Import Request.
  Time since last request: 6.736176 seconds.
  path: Assets/Prefabs/Warriors/Warrior.prefab
  artifactKey: Guid(4b4bb2801ba9a584d8851302c9162528) Importer(815301076,1909f56bfc062723c751e8b465ee728b)
Start importing Assets/Prefabs/Warriors/Warrior.prefab using Guid(4b4bb2801ba9a584d8851302c9162528) Importer(815301076,1909f56bfc062723c751e8b465ee728b) (PreviewImporter) -> (artifact id: '560daebc1acdf8e6daad064f352861a2') in 0.0315705 seconds
Number of updated asset objects reloaded before import = 0Number of asset objects unloaded after import = 72

========================================================================
Received Import Request.
  Time since last request: 0.842293 seconds.
  path: Assets/Prefabs/Warriors/Warrior.prefab
  artifactKey: Guid(4b4bb2801ba9a584d8851302c9162528) Importer(2089858483,b0f066a214c2f5e87bad3c948f4d605d)
Start importing Assets/Prefabs/Warriors/Warrior.prefab using Guid(4b4bb2801ba9a584d8851302c9162528) Importer(2089858483,b0f066a214c2f5e87bad3c948f4d605d) (ScriptedImporter) -> (artifact id: '8ef401fb31f878e55672273c065394cb') in 0.2375641 seconds
Number of updated asset objects reloaded before import = 0Number of asset objects unloaded after import = 35

========================================================================
Received Import Request.
  Time since last request: 10.624678 seconds.
  path: Assets/Prefabs/Warriors/Player/PlayerArtillery.prefab
  artifactKey: Guid(375312ef1879ed945917d0de102b0e90) Importer(815301076,1909f56bfc062723c751e8b465ee728b)
Start importing Assets/Prefabs/Warriors/Player/PlayerArtillery.prefab using Guid(375312ef1879ed945917d0de102b0e90) Importer(815301076,1909f56bfc062723c751e8b465ee728b) (PreviewImporter) -> (artifact id: '647c20e6c44513753d9c0cfd7d552e20') in 0.1178103 seconds
Number of updated asset objects reloaded before import = 0Number of asset objects unloaded after import = 192

========================================================================
Received Import Request.
  Time since last request: 0.000056 seconds.
  path: Assets/Prefabs/Warriors/Player/PlayerShilder.prefab
  artifactKey: Guid(a25984ae3868d1544b92a07d99b7253f) Importer(815301076,1909f56bfc062723c751e8b465ee728b)
Start importing Assets/Prefabs/Warriors/Player/PlayerShilder.prefab using Guid(a25984ae3868d1544b92a07d99b7253f) Importer(815301076,1909f56bfc062723c751e8b465ee728b) (PreviewImporter) -> (artifact id: '30ac77f92e92b49ae312c31f854395ba') in 0.0820636 seconds
Number of updated asset objects reloaded before import = 0Number of asset objects unloaded after import = 150

========================================================================
Received Import Request.
  Time since last request: 0.000116 seconds.
  path: Assets/Prefabs/Warriors/Player/PlayerSniper.prefab
  artifactKey: Guid(bd5c6cfae33d0a547b06a75bcc0c3b24) Importer(815301076,1909f56bfc062723c751e8b465ee728b)
Start importing Assets/Prefabs/Warriors/Player/PlayerSniper.prefab using Guid(bd5c6cfae33d0a547b06a75bcc0c3b24) Importer(815301076,1909f56bfc062723c751e8b465ee728b) (PreviewImporter) -> (artifact id: 'e97559ca3614c97eb138e53b037eeefe') in 0.0809015 seconds
Number of updated asset objects reloaded before import = 0Number of asset objects unloaded after import = 150

========================================================================
Received Import Request.
  Time since last request: 36.191433 seconds.
  path: Assets/Prefabs/Warriors/Player/PlayerArtillery.prefab
  artifactKey: Guid(375312ef1879ed945917d0de102b0e90) Importer(815301076,1909f56bfc062723c751e8b465ee728b)
Start importing Assets/Prefabs/Warriors/Player/PlayerArtillery.prefab using Guid(375312ef1879ed945917d0de102b0e90) Importer(815301076,1909f56bfc062723c751e8b465ee728b) (PreviewImporter) -> (artifact id: '487ecfac691901750d146c2745f15b31') in 0.0706785 seconds
Number of updated asset objects reloaded before import = 0Number of asset objects unloaded after import = 192

========================================================================
Received Import Request.
  Time since last request: 0.719596 seconds.
  path: Assets/Prefabs/Warriors/Player/PlayerArtillery.prefab
  artifactKey: Guid(375312ef1879ed945917d0de102b0e90) Importer(2089858483,b0f066a214c2f5e87bad3c948f4d605d)
Start importing Assets/Prefabs/Warriors/Player/PlayerArtillery.prefab using Guid(375312ef1879ed945917d0de102b0e90) Importer(2089858483,b0f066a214c2f5e87bad3c948f4d605d) (ScriptedImporter) -> (artifact id: '515e6c637abdbaad3d45ac2462b0d3ed') in 0.0482639 seconds
Number of updated asset objects reloaded before import = 0Number of asset objects unloaded after import = 108

========================================================================
Received Prepare
Refreshing native plugins compatible for Editor in 5.37 ms, found 4 plugins.
Preloading 0 native plugins for Editor in 0.00 ms.
Unloading 16 Unused Serialized files (Serialized files now loaded: 0)
Unloading 6886 unused Assets / (3.0 MB). Loaded Objects now: 7825.
Memory consumption went from 155.5 MB to 152.5 MB.
Total: 37.286700 ms (FindLiveObjects: 1.719700 ms CreateObjectMapping: 5.326800 ms MarkObjects: 23.238500 ms  DeleteObjects: 6.997400 ms)

Prepare: number of updated asset objects reloaded= 0
========================================================================
Received Prepare
Begin MonoManager ReloadAssembly
[Licensing::Client] Successfully resolved entitlement details
- Loaded All Assemblies, in  2.338 seconds
Refreshing native plugins compatible for Editor in 17.94 ms, found 4 plugins.
Native extension for WindowsStandalone target not found
Native extension for WebGL target not found
[Package Manager] Failed to launch server process. Reason: Unity was launched with the -noUpm command-line argument
[Package Manager] Unable to send message (not connected to server process).
[Package Manager] Cannot connect to Unity Package Manager local server
[Package Manager] Failed to launch server process. Reason: Unity was launched with the -noUpm command-line argument
[Package Manager] Unable to send message (not connected to server process).
[Package Manager] Cannot connect to Unity Package Manager local server
ScheduleIndexationOnStartup MainProcess:False IndexOnStartup:True
Mono: successfully reloaded assembly
- Finished resetting the current domain, in  4.070 seconds
Domain Reload Profiling: 6410ms
	BeginReloadAssembly (579ms)
		ExecutionOrderSort (0ms)
		DisableScriptedObjects (70ms)
		BackupInstance (0ms)
		ReleaseScriptingObjects (0ms)
		CreateAndSetChildDomain (138ms)
	RebuildCommonClasses (101ms)
	RebuildNativeTypeToScriptingClass (42ms)
	initialDomainReloadingComplete (75ms)
	LoadAllAssembliesAndSetupDomain (1542ms)
		LoadAssemblies (1010ms)
		RebuildTransferFunctionScriptingTraits (0ms)
		AnalyzeDomain (774ms)
			TypeCache.Refresh (30ms)
				TypeCache.ScanAssembly (1ms)
			BuildScriptInfoCaches (697ms)
			ResolveRequiredComponents (35ms)
	FinalizeReload (4071ms)
		ReleaseScriptCaches (0ms)
		RebuildScriptCaches (0ms)
		SetupLoadedEditorAssemblies (3228ms)
			LogAssemblyErrors (0ms)
			InitializePlatformSupportModulesInManaged (8ms)
			SetLoadedEditorAssemblies (23ms)
			BeforeProcessingInitializeOnLoad (660ms)
			ProcessInitializeOnLoadAttributes (2060ms)
			ProcessInitializeOnLoadMethodAttributes (467ms)
			AfterProcessingInitializeOnLoad (10ms)
			EditorAssembliesLoaded (1ms)
		ExecutionOrderSort2 (0ms)
		AwakeInstancesAfterBackupRestoration (99ms)
Refreshing native plugins compatible for Editor in 5.80 ms, found 4 plugins.
Preloading 0 native plugins for Editor in 0.00 ms.
Unloading 16 Unused Serialized files (Serialized files now loaded: 0)
Unloading 6896 unused Assets / (3.9 MB). Loaded Objects now: 7756.
Memory consumption went from 157.9 MB to 153.9 MB.
Total: 25.750600 ms (FindLiveObjects: 1.814300 ms CreateObjectMapping: 2.487500 ms MarkObjects: 15.810900 ms  DeleteObjects: 5.635000 ms)

Prepare: number of updated asset objects reloaded= 0
========================================================================
Received Import Request.
  Time since last request: 40.330077 seconds.
  path: Assets/Prefabs/Warriors/Player/PlayerPistol.prefab
  artifactKey: Guid(413820c22919311458853f93ef9fba30) Importer(815301076,1909f56bfc062723c751e8b465ee728b)
Start importing Assets/Prefabs/Warriors/Player/PlayerPistol.prefab using Guid(413820c22919311458853f93ef9fba30) Importer(815301076,1909f56bfc062723c751e8b465ee728b) (PreviewImporter) -> (artifact id: 'e5d04476d496bb65338357f3f0a9618e') in 1.5119444 seconds
Number of updated asset objects reloaded before import = 0Number of asset objects unloaded after import = 132

========================================================================
Received Import Request.
  Time since last request: 0.000093 seconds.
  path: Assets/Prefabs/Warriors/Player/PlayerGunner.prefab
  artifactKey: Guid(5347903d251d94041b07e29d15da3466) Importer(815301076,1909f56bfc062723c751e8b465ee728b)
Start importing Assets/Prefabs/Warriors/Player/PlayerGunner.prefab using Guid(5347903d251d94041b07e29d15da3466) Importer(815301076,1909f56bfc062723c751e8b465ee728b) (PreviewImporter) -> (artifact id: '301bdd244bab542d812bf673ddb2a215') in 0.0555121 seconds
Number of updated asset objects reloaded before import = 0Number of asset objects unloaded after import = 150

========================================================================
Received Import Request.
  Time since last request: 0.000082 seconds.
  path: Assets/Prefabs/Warriors/Player/PlayerShilder.prefab
  artifactKey: Guid(a25984ae3868d1544b92a07d99b7253f) Importer(815301076,1909f56bfc062723c751e8b465ee728b)
Start importing Assets/Prefabs/Warriors/Player/PlayerShilder.prefab using Guid(a25984ae3868d1544b92a07d99b7253f) Importer(815301076,1909f56bfc062723c751e8b465ee728b) (PreviewImporter) -> (artifact id: 'e17d51176c26d29722bc2046b2f545dc') in 0.0495562 seconds
Number of updated asset objects reloaded before import = 0Number of asset objects unloaded after import = 150

========================================================================
Received Import Request.
  Time since last request: 0.000089 seconds.
  path: Assets/Prefabs/Warriors/Player/PlayerArtillery.prefab
  artifactKey: Guid(375312ef1879ed945917d0de102b0e90) Importer(815301076,1909f56bfc062723c751e8b465ee728b)
Start importing Assets/Prefabs/Warriors/Player/PlayerArtillery.prefab using Guid(375312ef1879ed945917d0de102b0e90) Importer(815301076,1909f56bfc062723c751e8b465ee728b) (PreviewImporter) -> (artifact id: '37e749b0c04a60a8276c06f52cf44191') in 0.0658171 seconds
Number of updated asset objects reloaded before import = 0Number of asset objects unloaded after import = 192

========================================================================
Received Import Request.
  Time since last request: 0.000078 seconds.
  path: Assets/Prefabs/Warriors/Player/PlayerMusketeer.prefab
  artifactKey: Guid(a3bced73e58aa9a4f8b60f9fa00d2ff5) Importer(815301076,1909f56bfc062723c751e8b465ee728b)
Start importing Assets/Prefabs/Warriors/Player/PlayerMusketeer.prefab using Guid(a3bced73e58aa9a4f8b60f9fa00d2ff5) Importer(815301076,1909f56bfc062723c751e8b465ee728b) (PreviewImporter) -> (artifact id: '5ee0390057dd891a773f7fb32c1b2dd4') in 0.0574391 seconds
Number of updated asset objects reloaded before import = 0Number of asset objects unloaded after import = 150

========================================================================
Received Import Request.
  Time since last request: 26.360503 seconds.
  path: Assets/Prefabs/Warriors/Player/PlayerArtillery.prefab
  artifactKey: Guid(375312ef1879ed945917d0de102b0e90) Importer(815301076,1909f56bfc062723c751e8b465ee728b)
Start importing Assets/Prefabs/Warriors/Player/PlayerArtillery.prefab using Guid(375312ef1879ed945917d0de102b0e90) Importer(815301076,1909f56bfc062723c751e8b465ee728b) (PreviewImporter) -> (artifact id: 'a225d924fc8b83ddab8e7c575a35f778') in 0.0404191 seconds
Number of updated asset objects reloaded before import = 0Number of asset objects unloaded after import = 192

========================================================================
Received Import Request.
  Time since last request: 3.370840 seconds.
  path: Assets/Prefabs/Warriors/Weapon/Artillery.prefab
  artifactKey: Guid(14b93e779dc30c14da256feaf5c72a6d) Importer(815301076,1909f56bfc062723c751e8b465ee728b)
Start importing Assets/Prefabs/Warriors/Weapon/Artillery.prefab using Guid(14b93e779dc30c14da256feaf5c72a6d) Importer(815301076,1909f56bfc062723c751e8b465ee728b) (PreviewImporter) -> (artifact id: 'ff9c7d25be5823fb037df587083b086e') in 0.0482374 seconds
Number of updated asset objects reloaded before import = 0Number of asset objects unloaded after import = 45

========================================================================
Received Import Request.
  Time since last request: 0.000055 seconds.
  path: Assets/Prefabs/Warriors/Weapon/Sniper.prefab
  artifactKey: Guid(655eae4a6965d3c47a0d611b2556ffdd) Importer(815301076,1909f56bfc062723c751e8b465ee728b)
Start importing Assets/Prefabs/Warriors/Weapon/Sniper.prefab using Guid(655eae4a6965d3c47a0d611b2556ffdd) Importer(815301076,1909f56bfc062723c751e8b465ee728b) (PreviewImporter) -> (artifact id: '9ecf7e646b908c9facba2e579ab3b751') in 0.0496065 seconds
Number of updated asset objects reloaded before import = 0Number of asset objects unloaded after import = 19

========================================================================
Received Import Request.
  Time since last request: 0.000084 seconds.
  path: Assets/Prefabs/Warriors/Weapon/Musket.prefab
  artifactKey: Guid(ccecdbdcced922d45bb914232f11294a) Importer(815301076,1909f56bfc062723c751e8b465ee728b)
Start importing Assets/Prefabs/Warriors/Weapon/Musket.prefab using Guid(ccecdbdcced922d45bb914232f11294a) Importer(815301076,1909f56bfc062723c751e8b465ee728b) (PreviewImporter) -> (artifact id: '8f3acfa4af7a7aea15a5d99c18178dfc') in 0.0495765 seconds
Number of updated asset objects reloaded before import = 0Number of asset objects unloaded after import = 19

========================================================================
Received Import Request.
  Time since last request: 0.000077 seconds.
  path: Assets/Prefabs/Warriors/Weapon/Tank.prefab
  artifactKey: Guid(631d247f55c41994e8435348044172e9) Importer(815301076,1909f56bfc062723c751e8b465ee728b)
Start importing Assets/Prefabs/Warriors/Weapon/Tank.prefab using Guid(631d247f55c41994e8435348044172e9) Importer(815301076,1909f56bfc062723c751e8b465ee728b) (PreviewImporter) -> (artifact id: 'bea4fed9b4ca1ac086b46f1fccac206e') in 0.0443826 seconds
Number of updated asset objects reloaded before import = 0Number of asset objects unloaded after import = 51

========================================================================
Received Import Request.
  Time since last request: 29.074803 seconds.
  path: Assets/Prefabs/Warriors/Player/PlayerGunner.prefab
  artifactKey: Guid(5347903d251d94041b07e29d15da3466) Importer(815301076,1909f56bfc062723c751e8b465ee728b)
Start importing Assets/Prefabs/Warriors/Player/PlayerGunner.prefab using Guid(5347903d251d94041b07e29d15da3466) Importer(815301076,1909f56bfc062723c751e8b465ee728b) (PreviewImporter) -> (artifact id: 'e1d4e857dc91dde58a98e9d6ed112b4a') in 0.0340878 seconds
Number of updated asset objects reloaded before import = 0Number of asset objects unloaded after import = 150

========================================================================
Received Import Request.
  Time since last request: 58.659900 seconds.
  path: Assets/Prefabs/Warriors/Player/PlayerGunner.prefab
  artifactKey: Guid(5347903d251d94041b07e29d15da3466) Importer(815301076,1909f56bfc062723c751e8b465ee728b)
Start importing Assets/Prefabs/Warriors/Player/PlayerGunner.prefab using Guid(5347903d251d94041b07e29d15da3466) Importer(815301076,1909f56bfc062723c751e8b465ee728b) (PreviewImporter) -> (artifact id: '3302e1f4cebed2f01d29507aab466922') in 0.0378961 seconds
Number of updated asset objects reloaded before import = 0Number of asset objects unloaded after import = 150

========================================================================
Received Import Request.
  Time since last request: 60.982225 seconds.
  path: Assets/Prefabs/Warriors/Player/PlayerMashineGunner.prefab
  artifactKey: Guid(ff9e968790577ae41ac69eda8f111526) Importer(815301076,1909f56bfc062723c751e8b465ee728b)
Start importing Assets/Prefabs/Warriors/Player/PlayerMashineGunner.prefab using Guid(ff9e968790577ae41ac69eda8f111526) Importer(815301076,1909f56bfc062723c751e8b465ee728b) (PreviewImporter) -> (artifact id: 'e9b1ce8824b95b41c262111675fdf99b') in 0.0355571 seconds
Number of updated asset objects reloaded before import = 0Number of asset objects unloaded after import = 150

========================================================================
Received Import Request.
  Time since last request: 58.265849 seconds.
  path: Assets/Prefabs/Warriors/Player/PlayerMusketeer.prefab
  artifactKey: Guid(a3bced73e58aa9a4f8b60f9fa00d2ff5) Importer(815301076,1909f56bfc062723c751e8b465ee728b)
Start importing Assets/Prefabs/Warriors/Player/PlayerMusketeer.prefab using Guid(a3bced73e58aa9a4f8b60f9fa00d2ff5) Importer(815301076,1909f56bfc062723c751e8b465ee728b) (PreviewImporter) -> (artifact id: 'de1859c4ef6fe9ed4f7be265370760aa') in 0.0370543 seconds
Number of updated asset objects reloaded before import = 0Number of asset objects unloaded after import = 150

========================================================================
Received Import Request.
  Time since last request: 47.049941 seconds.
  path: Assets/Prefabs/Warriors/Player/PlayerPistol.prefab
  artifactKey: Guid(413820c22919311458853f93ef9fba30) Importer(815301076,1909f56bfc062723c751e8b465ee728b)
Start importing Assets/Prefabs/Warriors/Player/PlayerPistol.prefab using Guid(413820c22919311458853f93ef9fba30) Importer(815301076,1909f56bfc062723c751e8b465ee728b) (PreviewImporter) -> (artifact id: '9175fdbe3bae2f2c07da2c735893823e') in 0.0341598 seconds
Number of updated asset objects reloaded before import = 0Number of asset objects unloaded after import = 132

========================================================================
Received Import Request.
  Time since last request: 38.155473 seconds.
  path: Assets/Prefabs/Warriors/Player/PlayerShilder.prefab
  artifactKey: Guid(a25984ae3868d1544b92a07d99b7253f) Importer(815301076,1909f56bfc062723c751e8b465ee728b)
Start importing Assets/Prefabs/Warriors/Player/PlayerShilder.prefab using Guid(a25984ae3868d1544b92a07d99b7253f) Importer(815301076,1909f56bfc062723c751e8b465ee728b) (PreviewImporter) -> (artifact id: '9f3a9484129573afbe41f6a6841c140b') in 0.0347856 seconds
Number of updated asset objects reloaded before import = 0Number of asset objects unloaded after import = 150

========================================================================
Received Import Request.
  Time since last request: 38.043568 seconds.
  path: Assets/Prefabs/Warriors/Player/PlayerSniper.prefab
  artifactKey: Guid(bd5c6cfae33d0a547b06a75bcc0c3b24) Importer(815301076,1909f56bfc062723c751e8b465ee728b)
Start importing Assets/Prefabs/Warriors/Player/PlayerSniper.prefab using Guid(bd5c6cfae33d0a547b06a75bcc0c3b24) Importer(815301076,1909f56bfc062723c751e8b465ee728b) (PreviewImporter) -> (artifact id: 'b01a806cd55f8a5ff6fd0bd0e3f2912e') in 0.0372346 seconds
Number of updated asset objects reloaded before import = 0Number of asset objects unloaded after import = 150

========================================================================
Received Import Request.
  Time since last request: 30.028002 seconds.
  path: Assets/Prefabs/Warriors/Player/PlayerTank.prefab
  artifactKey: Guid(830e735c3b32b7b43a372271479a0a7c) Importer(815301076,1909f56bfc062723c751e8b465ee728b)
Start importing Assets/Prefabs/Warriors/Player/PlayerTank.prefab using Guid(830e735c3b32b7b43a372271479a0a7c) Importer(815301076,1909f56bfc062723c751e8b465ee728b) (PreviewImporter) -> (artifact id: '05ddb489ab2ba0b9acd1823cc1212327') in 0.0437114 seconds
Number of updated asset objects reloaded before import = 0Number of asset objects unloaded after import = 197

========================================================================
Received Import Request.
  Time since last request: 6.894979 seconds.
  path: Assets/Prefabs/Warriors/Player/PlayerTank.prefab
  artifactKey: Guid(830e735c3b32b7b43a372271479a0a7c) Importer(815301076,1909f56bfc062723c751e8b465ee728b)
Start importing Assets/Prefabs/Warriors/Player/PlayerTank.prefab using Guid(830e735c3b32b7b43a372271479a0a7c) Importer(815301076,1909f56bfc062723c751e8b465ee728b) (PreviewImporter) -> (artifact id: '0ee30fb7de1a25c84f19b738235b45db') in 0.0438804 seconds
Number of updated asset objects reloaded before import = 0Number of asset objects unloaded after import = 197

========================================================================
Received Import Request.
  Time since last request: 2.401508 seconds.
  path: Assets/Prefabs/Warriors/Warrior.prefab
  artifactKey: Guid(4b4bb2801ba9a584d8851302c9162528) Importer(815301076,1909f56bfc062723c751e8b465ee728b)
Start importing Assets/Prefabs/Warriors/Warrior.prefab using Guid(4b4bb2801ba9a584d8851302c9162528) Importer(815301076,1909f56bfc062723c751e8b465ee728b) (PreviewImporter) -> (artifact id: 'f62643d9031a2dd0625c9633018dcac3') in 0.0252888 seconds
Number of updated asset objects reloaded before import = 0Number of asset objects unloaded after import = 72

========================================================================
Received Import Request.
  Time since last request: 1.427519 seconds.
  path: Assets/Prefabs/Warriors/Enemy/EnemyArtillery.prefab
  artifactKey: Guid(3561ce4d711ea364ca34b7eba9752f19) Importer(815301076,1909f56bfc062723c751e8b465ee728b)
Start importing Assets/Prefabs/Warriors/Enemy/EnemyArtillery.prefab using Guid(3561ce4d711ea364ca34b7eba9752f19) Importer(815301076,1909f56bfc062723c751e8b465ee728b) (PreviewImporter) -> (artifact id: 'fc1723e588a878fca3e9dfc0cd8f0f53') in 0.0998294 seconds
Number of updated asset objects reloaded before import = 0Number of asset objects unloaded after import = 172

========================================================================
Received Import Request.
  Time since last request: 0.000104 seconds.
  path: Assets/Prefabs/Warriors/Enemy/EnemyMashineGunner.prefab
  artifactKey: Guid(47081030cf3098440be2fc67255b1e57) Importer(815301076,1909f56bfc062723c751e8b465ee728b)
Start importing Assets/Prefabs/Warriors/Enemy/EnemyMashineGunner.prefab using Guid(47081030cf3098440be2fc67255b1e57) Importer(815301076,1909f56bfc062723c751e8b465ee728b) (PreviewImporter) -> (artifact id: 'a81e805fed53e3f942d0d06872f7281d') in 0.111851 seconds
Number of updated asset objects reloaded before import = 0Number of asset objects unloaded after import = 143

========================================================================
Received Import Request.
  Time since last request: 0.000085 seconds.
  path: Assets/Prefabs/Warriors/Enemy/EnemyMusketeer.prefab
  artifactKey: Guid(3f84aab4c68bff34799abaae19d4f8bb) Importer(815301076,1909f56bfc062723c751e8b465ee728b)
Start importing Assets/Prefabs/Warriors/Enemy/EnemyMusketeer.prefab using Guid(3f84aab4c68bff34799abaae19d4f8bb) Importer(815301076,1909f56bfc062723c751e8b465ee728b) (PreviewImporter) -> (artifact id: 'e5e4c57468b3d7d8298f01b1f4f6df06') in 0.0750149 seconds
Number of updated asset objects reloaded before import = 0Number of asset objects unloaded after import = 143

========================================================================
Received Import Request.
  Time since last request: 0.000055 seconds.
  path: Assets/Prefabs/Warriors/Enemy/EnemySniper.prefab
  artifactKey: Guid(d147462484d46e2409c7859bf818f23d) Importer(815301076,1909f56bfc062723c751e8b465ee728b)
Start importing Assets/Prefabs/Warriors/Enemy/EnemySniper.prefab using Guid(d147462484d46e2409c7859bf818f23d) Importer(815301076,1909f56bfc062723c751e8b465ee728b) (PreviewImporter) -> (artifact id: 'd455ccc83265f6047caf0967c15a8072') in 0.0847554 seconds
Number of updated asset objects reloaded before import = 0Number of asset objects unloaded after import = 143

========================================================================
Received Import Request.
  Time since last request: 15.449796 seconds.
  path: Assets/Prefabs/Warriors/Enemy/EnemyArtillery.prefab
  artifactKey: Guid(3561ce4d711ea364ca34b7eba9752f19) Importer(815301076,1909f56bfc062723c751e8b465ee728b)
Start importing Assets/Prefabs/Warriors/Enemy/EnemyArtillery.prefab using Guid(3561ce4d711ea364ca34b7eba9752f19) Importer(815301076,1909f56bfc062723c751e8b465ee728b) (PreviewImporter) -> (artifact id: '5be1b4b09478693b8652b4586680d225') in 0.0461494 seconds
Number of updated asset objects reloaded before import = 0Number of asset objects unloaded after import = 172

========================================================================
Received Import Request.
  Time since last request: 88.679610 seconds.
  path: Assets/Prefabs/Warriors/Enemy/EnemyArtillery.prefab
  artifactKey: Guid(3561ce4d711ea364ca34b7eba9752f19) Importer(815301076,1909f56bfc062723c751e8b465ee728b)
Start importing Assets/Prefabs/Warriors/Enemy/EnemyArtillery.prefab using Guid(3561ce4d711ea364ca34b7eba9752f19) Importer(815301076,1909f56bfc062723c751e8b465ee728b) (PreviewImporter) -> (artifact id: 'cfe0b6d0fc9b0d420e3da594374f6477') in 0.0470606 seconds
Number of updated asset objects reloaded before import = 0Number of asset objects unloaded after import = 172

========================================================================
Received Import Request.
  Time since last request: 17.838180 seconds.
  path: Assets/Prefabs/Warriors/Enemy/EnemyGunner.prefab
  artifactKey: Guid(f264c4e967d2160428a498c50659d784) Importer(815301076,1909f56bfc062723c751e8b465ee728b)
Start importing Assets/Prefabs/Warriors/Enemy/EnemyGunner.prefab using Guid(f264c4e967d2160428a498c50659d784) Importer(815301076,1909f56bfc062723c751e8b465ee728b) (PreviewImporter) -> (artifact id: '9852e0ff81fcf285880d97f9ddd9bc63') in 0.0401215 seconds
Number of updated asset objects reloaded before import = 0Number of asset objects unloaded after import = 143

========================================================================
Received Import Request.
  Time since last request: 22.110018 seconds.
  path: Assets/Prefabs/Warriors/Enemy/EnemyMashineGunner.prefab
  artifactKey: Guid(47081030cf3098440be2fc67255b1e57) Importer(815301076,1909f56bfc062723c751e8b465ee728b)
Start importing Assets/Prefabs/Warriors/Enemy/EnemyMashineGunner.prefab using Guid(47081030cf3098440be2fc67255b1e57) Importer(815301076,1909f56bfc062723c751e8b465ee728b) (PreviewImporter) -> (artifact id: '667dd6c38f69aa2440edf75f49dcb488') in 0.0419396 seconds
Number of updated asset objects reloaded before import = 0Number of asset objects unloaded after import = 143

========================================================================
Received Import Request.
  Time since last request: 25.364729 seconds.
  path: Assets/Prefabs/Warriors/Enemy/EnemyMusketeer.prefab
  artifactKey: Guid(3f84aab4c68bff34799abaae19d4f8bb) Importer(815301076,1909f56bfc062723c751e8b465ee728b)
Start importing Assets/Prefabs/Warriors/Enemy/EnemyMusketeer.prefab using Guid(3f84aab4c68bff34799abaae19d4f8bb) Importer(815301076,1909f56bfc062723c751e8b465ee728b) (PreviewImporter) -> (artifact id: '1a079a9e8e5c2a2146b4604330cee2b9') in 0.0369002 seconds
Number of updated asset objects reloaded before import = 0Number of asset objects unloaded after import = 143

========================================================================
Received Import Request.
  Time since last request: 8.652416 seconds.
  path: Assets/Prefabs/Warriors/Enemy/EnemyPistol.prefab
  artifactKey: Guid(72e9fee48e96a9e4b82ef7276402ee78) Importer(815301076,1909f56bfc062723c751e8b465ee728b)
Start importing Assets/Prefabs/Warriors/Enemy/EnemyPistol.prefab using Guid(72e9fee48e96a9e4b82ef7276402ee78) Importer(815301076,1909f56bfc062723c751e8b465ee728b) (PreviewImporter) -> (artifact id: '887b1f187f445cb0acb4624ebf7f243d') in 0.0459207 seconds
Number of updated asset objects reloaded before import = 0Number of asset objects unloaded after import = 125

========================================================================
Received Import Request.
  Time since last request: 10.669431 seconds.
  path: Assets/Prefabs/Warriors/Enemy/EnemyPistol.prefab
  artifactKey: Guid(72e9fee48e96a9e4b82ef7276402ee78) Importer(815301076,1909f56bfc062723c751e8b465ee728b)
Start importing Assets/Prefabs/Warriors/Enemy/EnemyPistol.prefab using Guid(72e9fee48e96a9e4b82ef7276402ee78) Importer(815301076,1909f56bfc062723c751e8b465ee728b) (PreviewImporter) -> (artifact id: '04ffcbd6a9748a2ad2407946042a66d1') in 0.0381397 seconds
Number of updated asset objects reloaded before import = 0Number of asset objects unloaded after import = 125

========================================================================
Received Import Request.
  Time since last request: 37.423233 seconds.
  path: Assets/Prefabs/Warriors/Enemy/EnemyShilder.prefab
  artifactKey: Guid(b6018a90b446ad148a5bb24535cc373e) Importer(815301076,1909f56bfc062723c751e8b465ee728b)
Start importing Assets/Prefabs/Warriors/Enemy/EnemyShilder.prefab using Guid(b6018a90b446ad148a5bb24535cc373e) Importer(815301076,1909f56bfc062723c751e8b465ee728b) (PreviewImporter) -> (artifact id: '4114fb091d1020ed05c2cffeb834c501') in 0.0404905 seconds
Number of updated asset objects reloaded before import = 0Number of asset objects unloaded after import = 143

========================================================================
Received Import Request.
  Time since last request: 16.030405 seconds.
  path: Assets/Prefabs/Warriors/Enemy/EnemyShilder.prefab
  artifactKey: Guid(b6018a90b446ad148a5bb24535cc373e) Importer(815301076,1909f56bfc062723c751e8b465ee728b)
Start importing Assets/Prefabs/Warriors/Enemy/EnemyShilder.prefab using Guid(b6018a90b446ad148a5bb24535cc373e) Importer(815301076,1909f56bfc062723c751e8b465ee728b) (PreviewImporter) -> (artifact id: 'e2381cece33f88bd0631a3b6916dc5a6') in 0.0415432 seconds
Number of updated asset objects reloaded before import = 0Number of asset objects unloaded after import = 143

========================================================================
Received Import Request.
  Time since last request: 24.415538 seconds.
  path: Assets/Prefabs/Warriors/Enemy/EnemySniper.prefab
  artifactKey: Guid(d147462484d46e2409c7859bf818f23d) Importer(815301076,1909f56bfc062723c751e8b465ee728b)
Start importing Assets/Prefabs/Warriors/Enemy/EnemySniper.prefab using Guid(d147462484d46e2409c7859bf818f23d) Importer(815301076,1909f56bfc062723c751e8b465ee728b) (PreviewImporter) -> (artifact id: '50bcf7ab41ce75544beffd5cf06439c5') in 0.0373913 seconds
Number of updated asset objects reloaded before import = 0Number of asset objects unloaded after import = 143

========================================================================
Received Import Request.
  Time since last request: 3.838037 seconds.
  path: Assets/Prefabs/Warriors/Enemy/EnemyPistol.prefab
  artifactKey: Guid(72e9fee48e96a9e4b82ef7276402ee78) Importer(815301076,1909f56bfc062723c751e8b465ee728b)
Start importing Assets/Prefabs/Warriors/Enemy/EnemyPistol.prefab using Guid(72e9fee48e96a9e4b82ef7276402ee78) Importer(815301076,1909f56bfc062723c751e8b465ee728b) (PreviewImporter) -> (artifact id: '1fdf0da40e2a2599241ec9b3fd948fd4') in 0.033683 seconds
Number of updated asset objects reloaded before import = 0Number of asset objects unloaded after import = 125

========================================================================
Received Import Request.
  Time since last request: 5.905099 seconds.
  path: Assets/Prefabs/Warriors/Player/PlayerPistol.prefab
  artifactKey: Guid(413820c22919311458853f93ef9fba30) Importer(815301076,1909f56bfc062723c751e8b465ee728b)
Start importing Assets/Prefabs/Warriors/Player/PlayerPistol.prefab using Guid(413820c22919311458853f93ef9fba30) Importer(815301076,1909f56bfc062723c751e8b465ee728b) (PreviewImporter) -> (artifact id: '445fb1bcca451d0829a07f72accf71c7') in 0.0349471 seconds
Number of updated asset objects reloaded before import = 0Number of asset objects unloaded after import = 132

========================================================================
Received Import Request.
  Time since last request: 10.813050 seconds.
  path: Assets/Prefabs/Warriors/Enemy/EnemyTank.prefab
  artifactKey: Guid(006cb99d3734deb49b7ac43290848e5e) Importer(815301076,1909f56bfc062723c751e8b465ee728b)
Start importing Assets/Prefabs/Warriors/Enemy/EnemyTank.prefab using Guid(006cb99d3734deb49b7ac43290848e5e) Importer(815301076,1909f56bfc062723c751e8b465ee728b) (PreviewImporter) -> (artifact id: 'b77df5e57127186a0e9bc4680dbc310f') in 0.0365894 seconds
Number of updated asset objects reloaded before import = 0Number of asset objects unloaded after import = 167

========================================================================
Received Import Request.
  Time since last request: 13.060578 seconds.
  path: Assets/Prefabs/Warriors/Enemy/EnemyTank.prefab
  artifactKey: Guid(006cb99d3734deb49b7ac43290848e5e) Importer(815301076,1909f56bfc062723c751e8b465ee728b)
Start importing Assets/Prefabs/Warriors/Enemy/EnemyTank.prefab using Guid(006cb99d3734deb49b7ac43290848e5e) Importer(815301076,1909f56bfc062723c751e8b465ee728b) (PreviewImporter) -> (artifact id: 'f4d89a8c166dc85deb9dcafda2403b78') in 0.0398271 seconds
Number of updated asset objects reloaded before import = 0Number of asset objects unloaded after import = 167

========================================================================
Received Import Request.
  Time since last request: 123.653855 seconds.
  path: Assets/Prefabs/Game/GameController.prefab
  artifactKey: Guid(876185c67d2bed2428d82545f9af026b) Importer(815301076,1909f56bfc062723c751e8b465ee728b)
Start importing Assets/Prefabs/Game/GameController.prefab using Guid(876185c67d2bed2428d82545f9af026b) Importer(815301076,1909f56bfc062723c751e8b465ee728b) (PreviewImporter) -> (artifact id: '4a0fcad3f2e4d041e62461c9bfbe7f71') in 0.1882041 seconds
Number of updated asset objects reloaded before import = 0Number of asset objects unloaded after import = 1309

========================================================================
Received Import Request.
  Time since last request: 36.270332 seconds.
  path: Assets/Prefabs/Game/SpawnSystem/SpawnSystem.prefab
  artifactKey: Guid(8ebb394488760044da223653b36ef71b) Importer(815301076,1909f56bfc062723c751e8b465ee728b)
Start importing Assets/Prefabs/Game/SpawnSystem/SpawnSystem.prefab using Guid(8ebb394488760044da223653b36ef71b) Importer(815301076,1909f56bfc062723c751e8b465ee728b) (PreviewImporter) -> (artifact id: 'ea3b6c4f4ca0e5e5195b4021662eebd5') in 0.0224825 seconds
Number of updated asset objects reloaded before import = 0Number of asset objects unloaded after import = 400

========================================================================
Received Import Request.
  Time since last request: 4.755728 seconds.
  path: Assets/Prefabs/Game/SpawnSystem/SpawnSystem.prefab
  artifactKey: Guid(8ebb394488760044da223653b36ef71b) Importer(815301076,1909f56bfc062723c751e8b465ee728b)
Start importing Assets/Prefabs/Game/SpawnSystem/SpawnSystem.prefab using Guid(8ebb394488760044da223653b36ef71b) Importer(815301076,1909f56bfc062723c751e8b465ee728b) (PreviewImporter) -> (artifact id: '326ca81ac1915e9e3c480e2689f249fc') in 0.0242764 seconds
Number of updated asset objects reloaded before import = 0Number of asset objects unloaded after import = 400

========================================================================
Received Import Request.
  Time since last request: 14.981633 seconds.
  path: Assets/Prefabs/Game/SpawnSystem/SpawnSystem.prefab
  artifactKey: Guid(8ebb394488760044da223653b36ef71b) Importer(815301076,1909f56bfc062723c751e8b465ee728b)
Start importing Assets/Prefabs/Game/SpawnSystem/SpawnSystem.prefab using Guid(8ebb394488760044da223653b36ef71b) Importer(815301076,1909f56bfc062723c751e8b465ee728b) (PreviewImporter) -> (artifact id: 'c749d194793b87cfb4226e3dd7943415') in 0.0245292 seconds
Number of updated asset objects reloaded before import = 0Number of asset objects unloaded after import = 400

========================================================================
Received Import Request.
  Time since last request: 3.899215 seconds.
  path: Assets/Prefabs/Game/SpawnSystem/SpawnSystem.prefab
  artifactKey: Guid(8ebb394488760044da223653b36ef71b) Importer(815301076,1909f56bfc062723c751e8b465ee728b)
Start importing Assets/Prefabs/Game/SpawnSystem/SpawnSystem.prefab using Guid(8ebb394488760044da223653b36ef71b) Importer(815301076,1909f56bfc062723c751e8b465ee728b) (PreviewImporter) -> (artifact id: '668a2736cd47028f10468ba714679154') in 0.0236122 seconds
Number of updated asset objects reloaded before import = 0Number of asset objects unloaded after import = 425

========================================================================
Received Import Request.
  Time since last request: 2.138803 seconds.
  path: Assets/Prefabs/Game/SpawnSystem/SpawnSystem.prefab
  artifactKey: Guid(8ebb394488760044da223653b36ef71b) Importer(815301076,1909f56bfc062723c751e8b465ee728b)
Start importing Assets/Prefabs/Game/SpawnSystem/SpawnSystem.prefab using Guid(8ebb394488760044da223653b36ef71b) Importer(815301076,1909f56bfc062723c751e8b465ee728b) (PreviewImporter) -> (artifact id: 'c515f83f778ab9f7fbaf47bbc9e660a7') in 0.0207874 seconds
Number of updated asset objects reloaded before import = 0Number of asset objects unloaded after import = 425

========================================================================
Received Import Request.
  Time since last request: 4.504822 seconds.
  path: Assets/Prefabs/Game/SpawnSystem/SpawnSystem.prefab
  artifactKey: Guid(8ebb394488760044da223653b36ef71b) Importer(815301076,1909f56bfc062723c751e8b465ee728b)
Start importing Assets/Prefabs/Game/SpawnSystem/SpawnSystem.prefab using Guid(8ebb394488760044da223653b36ef71b) Importer(815301076,1909f56bfc062723c751e8b465ee728b) (PreviewImporter) -> (artifact id: '7a192245c098eb2007fbdbd4c844ece0') in 0.0224091 seconds
Number of updated asset objects reloaded before import = 0Number of asset objects unloaded after import = 425

========================================================================
Received Import Request.
  Time since last request: 0.802475 seconds.
  path: Assets/Prefabs/Game/SpawnSystem/SpawnSystem.prefab
  artifactKey: Guid(8ebb394488760044da223653b36ef71b) Importer(815301076,1909f56bfc062723c751e8b465ee728b)
Start importing Assets/Prefabs/Game/SpawnSystem/SpawnSystem.prefab using Guid(8ebb394488760044da223653b36ef71b) Importer(815301076,1909f56bfc062723c751e8b465ee728b) (PreviewImporter) -> (artifact id: '5d047df43ef1f9c21cd8b5e0f04bbe8d') in 0.0228092 seconds
Number of updated asset objects reloaded before import = 0Number of asset objects unloaded after import = 450

========================================================================
Received Import Request.
  Time since last request: 2.928611 seconds.
  path: Assets/Prefabs/Game/SpawnSystem/SpawnSystem.prefab
  artifactKey: Guid(8ebb394488760044da223653b36ef71b) Importer(815301076,1909f56bfc062723c751e8b465ee728b)
Start importing Assets/Prefabs/Game/SpawnSystem/SpawnSystem.prefab using Guid(8ebb394488760044da223653b36ef71b) Importer(815301076,1909f56bfc062723c751e8b465ee728b) (PreviewImporter) -> (artifact id: 'a68b1ce630ef651e4c4c3bb76abe1b5f') in 0.0195574 seconds
Number of updated asset objects reloaded before import = 0Number of asset objects unloaded after import = 450

========================================================================
Received Import Request.
  Time since last request: 5.403459 seconds.
  path: Assets/Prefabs/Game/SpawnSystem/SpawnSystem.prefab
  artifactKey: Guid(8ebb394488760044da223653b36ef71b) Importer(815301076,1909f56bfc062723c751e8b465ee728b)
Start importing Assets/Prefabs/Game/SpawnSystem/SpawnSystem.prefab using Guid(8ebb394488760044da223653b36ef71b) Importer(815301076,1909f56bfc062723c751e8b465ee728b) (PreviewImporter) -> (artifact id: '224b9de0149adf6464e5353e1dd66721') in 0.0266696 seconds
Number of updated asset objects reloaded before import = 0Number of asset objects unloaded after import = 450

========================================================================
Received Import Request.
  Time since last request: 0.594697 seconds.
  path: Assets/Prefabs/Game/SpawnSystem/SpawnSystem.prefab
  artifactKey: Guid(8ebb394488760044da223653b36ef71b) Importer(815301076,1909f56bfc062723c751e8b465ee728b)
Start importing Assets/Prefabs/Game/SpawnSystem/SpawnSystem.prefab using Guid(8ebb394488760044da223653b36ef71b) Importer(815301076,1909f56bfc062723c751e8b465ee728b) (PreviewImporter) -> (artifact id: '7d2598f79967ea6ba170997da6611020') in 0.0240403 seconds
Number of updated asset objects reloaded before import = 0Number of asset objects unloaded after import = 475

========================================================================
Received Import Request.
  Time since last request: 1.999444 seconds.
  path: Assets/Prefabs/Game/SpawnSystem/SpawnSystem.prefab
  artifactKey: Guid(8ebb394488760044da223653b36ef71b) Importer(815301076,1909f56bfc062723c751e8b465ee728b)
Start importing Assets/Prefabs/Game/SpawnSystem/SpawnSystem.prefab using Guid(8ebb394488760044da223653b36ef71b) Importer(815301076,1909f56bfc062723c751e8b465ee728b) (PreviewImporter) -> (artifact id: '89838625ada3a4f9f6b280ffc66a1925') in 0.0179237 seconds
Number of updated asset objects reloaded before import = 0Number of asset objects unloaded after import = 475

========================================================================
Received Import Request.
  Time since last request: 2.246848 seconds.
  path: Assets/Prefabs/Game/SpawnSystem/SpawnSystem.prefab
  artifactKey: Guid(8ebb394488760044da223653b36ef71b) Importer(815301076,1909f56bfc062723c751e8b465ee728b)
Start importing Assets/Prefabs/Game/SpawnSystem/SpawnSystem.prefab using Guid(8ebb394488760044da223653b36ef71b) Importer(815301076,1909f56bfc062723c751e8b465ee728b) (PreviewImporter) -> (artifact id: 'a69cdeb9a27945ae9b8634eb973fb301') in 0.0278101 seconds
Number of updated asset objects reloaded before import = 0Number of asset objects unloaded after import = 475

========================================================================
Received Import Request.
  Time since last request: 7.104505 seconds.
  path: Assets/Prefabs/Game/SpawnSystem/SpawnSystem.prefab
  artifactKey: Guid(8ebb394488760044da223653b36ef71b) Importer(815301076,1909f56bfc062723c751e8b465ee728b)
Start importing Assets/Prefabs/Game/SpawnSystem/SpawnSystem.prefab using Guid(8ebb394488760044da223653b36ef71b) Importer(815301076,1909f56bfc062723c751e8b465ee728b) (PreviewImporter) -> (artifact id: 'f55fe75bba04c1060aff96a67160d5ab') in 0.0266549 seconds
Number of updated asset objects reloaded before import = 0Number of asset objects unloaded after import = 475

========================================================================
Received Import Request.
  Time since last request: 3.118442 seconds.
  path: Assets/Prefabs/Game/SpawnSystem/SpawnSystem.prefab
  artifactKey: Guid(8ebb394488760044da223653b36ef71b) Importer(815301076,1909f56bfc062723c751e8b465ee728b)
Start importing Assets/Prefabs/Game/SpawnSystem/SpawnSystem.prefab using Guid(8ebb394488760044da223653b36ef71b) Importer(815301076,1909f56bfc062723c751e8b465ee728b) (PreviewImporter) -> (artifact id: '979a3ff11c20fa8c6b242da0cd0c077e') in 0.0280044 seconds
Number of updated asset objects reloaded before import = 0Number of asset objects unloaded after import = 500

========================================================================
Received Import Request.
  Time since last request: 2.362209 seconds.
  path: Assets/Prefabs/Game/SpawnSystem/SpawnSystem.prefab
  artifactKey: Guid(8ebb394488760044da223653b36ef71b) Importer(815301076,1909f56bfc062723c751e8b465ee728b)
Start importing Assets/Prefabs/Game/SpawnSystem/SpawnSystem.prefab using Guid(8ebb394488760044da223653b36ef71b) Importer(815301076,1909f56bfc062723c751e8b465ee728b) (PreviewImporter) -> (artifact id: 'bb895b415f376888e827c2585757cac0') in 0.0269176 seconds
Number of updated asset objects reloaded before import = 0Number of asset objects unloaded after import = 500

========================================================================
Received Import Request.
  Time since last request: 4.334138 seconds.
  path: Assets/Prefabs/Game/SpawnSystem/SpawnSystem.prefab
  artifactKey: Guid(8ebb394488760044da223653b36ef71b) Importer(815301076,1909f56bfc062723c751e8b465ee728b)
Start importing Assets/Prefabs/Game/SpawnSystem/SpawnSystem.prefab using Guid(8ebb394488760044da223653b36ef71b) Importer(815301076,1909f56bfc062723c751e8b465ee728b) (PreviewImporter) -> (artifact id: 'd6784b286281b0aba00f91f384e5042d') in 0.0271849 seconds
Number of updated asset objects reloaded before import = 0Number of asset objects unloaded after import = 500

========================================================================
Received Import Request.
  Time since last request: 4.712906 seconds.
  path: Assets/Prefabs/Game/SpawnSystem/SpawnSystem.prefab
  artifactKey: Guid(8ebb394488760044da223653b36ef71b) Importer(815301076,1909f56bfc062723c751e8b465ee728b)
Start importing Assets/Prefabs/Game/SpawnSystem/SpawnSystem.prefab using Guid(8ebb394488760044da223653b36ef71b) Importer(815301076,1909f56bfc062723c751e8b465ee728b) (PreviewImporter) -> (artifact id: '0561a9d824cd7383d0bba6df87e34151') in 0.0304374 seconds
Number of updated asset objects reloaded before import = 0Number of asset objects unloaded after import = 525

========================================================================
Received Import Request.
  Time since last request: 2.517088 seconds.
  path: Assets/Prefabs/Game/SpawnSystem/SpawnSystem.prefab
  artifactKey: Guid(8ebb394488760044da223653b36ef71b) Importer(815301076,1909f56bfc062723c751e8b465ee728b)
Start importing Assets/Prefabs/Game/SpawnSystem/SpawnSystem.prefab using Guid(8ebb394488760044da223653b36ef71b) Importer(815301076,1909f56bfc062723c751e8b465ee728b) (PreviewImporter) -> (artifact id: '2b2de68e4b95dba734c79cafc35ee644') in 0.024173 seconds
Number of updated asset objects reloaded before import = 0Number of asset objects unloaded after import = 525

========================================================================
Received Import Request.
  Time since last request: 3.847871 seconds.
  path: Assets/Prefabs/Game/SpawnSystem/SpawnSystem.prefab
  artifactKey: Guid(8ebb394488760044da223653b36ef71b) Importer(815301076,1909f56bfc062723c751e8b465ee728b)
Start importing Assets/Prefabs/Game/SpawnSystem/SpawnSystem.prefab using Guid(8ebb394488760044da223653b36ef71b) Importer(815301076,1909f56bfc062723c751e8b465ee728b) (PreviewImporter) -> (artifact id: '947872be16c0248ca6eb3c2a0f4fc239') in 0.0247124 seconds
Number of updated asset objects reloaded before import = 0Number of asset objects unloaded after import = 525

========================================================================
Received Import Request.
  Time since last request: 2.581798 seconds.
  path: Assets/Prefabs/Game/SpawnSystem/SpawnSystem.prefab
  artifactKey: Guid(8ebb394488760044da223653b36ef71b) Importer(815301076,1909f56bfc062723c751e8b465ee728b)
Start importing Assets/Prefabs/Game/SpawnSystem/SpawnSystem.prefab using Guid(8ebb394488760044da223653b36ef71b) Importer(815301076,1909f56bfc062723c751e8b465ee728b) (PreviewImporter) -> (artifact id: '7fd929dd89a96a22421d97cf1b1075ec') in 0.0252371 seconds
Number of updated asset objects reloaded before import = 0Number of asset objects unloaded after import = 550

========================================================================
Received Import Request.
  Time since last request: 8.698137 seconds.
  path: Assets/Prefabs/Game/SpawnSystem/SpawnSystem.prefab
  artifactKey: Guid(8ebb394488760044da223653b36ef71b) Importer(815301076,1909f56bfc062723c751e8b465ee728b)
Start importing Assets/Prefabs/Game/SpawnSystem/SpawnSystem.prefab using Guid(8ebb394488760044da223653b36ef71b) Importer(815301076,1909f56bfc062723c751e8b465ee728b) (PreviewImporter) -> (artifact id: '744756430074d1f2c1181d314cd074b4') in 0.0259766 seconds
Number of updated asset objects reloaded before import = 0Number of asset objects unloaded after import = 550

========================================================================
Received Prepare
Begin MonoManager ReloadAssembly
[Licensing::Client] Successfully resolved entitlement details
- Loaded All Assemblies, in  2.209 seconds
Refreshing native plugins compatible for Editor in 3.76 ms, found 4 plugins.
Native extension for WindowsStandalone target not found
Native extension for WebGL target not found
[Package Manager] Failed to launch server process. Reason: Unity was launched with the -noUpm command-line argument
[Package Manager] Unable to send message (not connected to server process).
[Package Manager] Cannot connect to Unity Package Manager local server
[Package Manager] Failed to launch server process. Reason: Unity was launched with the -noUpm command-line argument
[Package Manager] Unable to send message (not connected to server process).
[Package Manager] Cannot connect to Unity Package Manager local server
ScheduleIndexationOnStartup MainProcess:False IndexOnStartup:True
Mono: successfully reloaded assembly
- Finished resetting the current domain, in  2.085 seconds
Domain Reload Profiling: 4292ms
	BeginReloadAssembly (615ms)
		ExecutionOrderSort (0ms)
		DisableScriptedObjects (85ms)
		BackupInstance (0ms)
		ReleaseScriptingObjects (0ms)
		CreateAndSetChildDomain (136ms)
	RebuildCommonClasses (107ms)
	RebuildNativeTypeToScriptingClass (46ms)
	initialDomainReloadingComplete (80ms)
	LoadAllAssembliesAndSetupDomain (1358ms)
		LoadAssemblies (999ms)
		RebuildTransferFunctionScriptingTraits (0ms)
		AnalyzeDomain (623ms)
			TypeCache.Refresh (18ms)
				TypeCache.ScanAssembly (0ms)
			BuildScriptInfoCaches (558ms)
			ResolveRequiredComponents (33ms)
	FinalizeReload (2087ms)
		ReleaseScriptCaches (0ms)
		RebuildScriptCaches (0ms)
		SetupLoadedEditorAssemblies (1593ms)
			LogAssemblyErrors (0ms)
			InitializePlatformSupportModulesInManaged (7ms)
			SetLoadedEditorAssemblies (9ms)
			BeforeProcessingInitializeOnLoad (411ms)
			ProcessInitializeOnLoadAttributes (933ms)
			ProcessInitializeOnLoadMethodAttributes (220ms)
			AfterProcessingInitializeOnLoad (12ms)
			EditorAssembliesLoaded (1ms)
		ExecutionOrderSort2 (0ms)
		AwakeInstancesAfterBackupRestoration (39ms)
Refreshing native plugins compatible for Editor in 6.42 ms, found 4 plugins.
Preloading 0 native plugins for Editor in 0.00 ms.
Unloading 16 Unused Serialized files (Serialized files now loaded: 0)
Unloading 6896 unused Assets / (4.8 MB). Loaded Objects now: 7783.
Memory consumption went from 158.4 MB to 153.6 MB.
Total: 24.033700 ms (FindLiveObjects: 1.796800 ms CreateObjectMapping: 1.933300 ms MarkObjects: 14.398400 ms  DeleteObjects: 5.901800 ms)

Prepare: number of updated asset objects reloaded= 0
========================================================================
Received Import Request.
  Time since last request: 355.564955 seconds.
  path: Assets/Prefabs/Game/GameController.prefab
  artifactKey: Guid(876185c67d2bed2428d82545f9af026b) Importer(815301076,1909f56bfc062723c751e8b465ee728b)
Start importing Assets/Prefabs/Game/GameController.prefab using Guid(876185c67d2bed2428d82545f9af026b) Importer(815301076,1909f56bfc062723c751e8b465ee728b) (PreviewImporter) -> (artifact id: '4800cf4bd0fa718c19671b8e9a7422ab') in 1.4801461 seconds
Number of updated asset objects reloaded before import = 0Number of asset objects unloaded after import = 1666

========================================================================
Received Import Request.
  Time since last request: 25.237802 seconds.
  path: Assets/Prefabs/Warriors/Player/PlayerTank.prefab
  artifactKey: Guid(830e735c3b32b7b43a372271479a0a7c) Importer(815301076,1909f56bfc062723c751e8b465ee728b)
Start importing Assets/Prefabs/Warriors/Player/PlayerTank.prefab using Guid(830e735c3b32b7b43a372271479a0a7c) Importer(815301076,1909f56bfc062723c751e8b465ee728b) (PreviewImporter) -> (artifact id: 'bffc749e6d6c0f2ad56f365827ff144b') in 0.0555031 seconds
Number of updated asset objects reloaded before import = 0Number of asset objects unloaded after import = 197

========================================================================
Received Import Request.
  Time since last request: 2.186749 seconds.
  path: Assets/Prefabs/Warriors/Player/PlayerTank.prefab
  artifactKey: Guid(830e735c3b32b7b43a372271479a0a7c) Importer(815301076,1909f56bfc062723c751e8b465ee728b)
Start importing Assets/Prefabs/Warriors/Player/PlayerTank.prefab using Guid(830e735c3b32b7b43a372271479a0a7c) Importer(815301076,1909f56bfc062723c751e8b465ee728b) (PreviewImporter) -> (artifact id: 'b2bbb7705d2c3b574f0d0114db8a500d') in 0.0504766 seconds
Number of updated asset objects reloaded before import = 0Number of asset objects unloaded after import = 197

========================================================================
Received Prepare
Begin MonoManager ReloadAssembly
[Licensing::Client] Successfully resolved entitlement details
- Loaded All Assemblies, in  2.286 seconds
Refreshing native plugins compatible for Editor in 3.64 ms, found 4 plugins.
Native extension for WindowsStandalone target not found
Native extension for WebGL target not found
[Package Manager] Failed to launch server process. Reason: Unity was launched with the -noUpm command-line argument
[Package Manager] Unable to send message (not connected to server process).
[Package Manager] Cannot connect to Unity Package Manager local server
[Package Manager] Failed to launch server process. Reason: Unity was launched with the -noUpm command-line argument
[Package Manager] Unable to send message (not connected to server process).
[Package Manager] Cannot connect to Unity Package Manager local server
ScheduleIndexationOnStartup MainProcess:False IndexOnStartup:True
Mono: successfully reloaded assembly
- Finished resetting the current domain, in  2.205 seconds
Domain Reload Profiling: 4493ms
	BeginReloadAssembly (627ms)
		ExecutionOrderSort (0ms)
		DisableScriptedObjects (72ms)
		BackupInstance (0ms)
		ReleaseScriptingObjects (0ms)
		CreateAndSetChildDomain (129ms)
	RebuildCommonClasses (108ms)
	RebuildNativeTypeToScriptingClass (44ms)
	initialDomainReloadingComplete (80ms)
	LoadAllAssembliesAndSetupDomain (1426ms)
		LoadAssemblies (1045ms)
		RebuildTransferFunctionScriptingTraits (0ms)
		AnalyzeDomain (672ms)
			TypeCache.Refresh (21ms)
				TypeCache.ScanAssembly (0ms)
			BuildScriptInfoCaches (602ms)
			ResolveRequiredComponents (35ms)
	FinalizeReload (2207ms)
		ReleaseScriptCaches (0ms)
		RebuildScriptCaches (0ms)
		SetupLoadedEditorAssemblies (1762ms)
			LogAssemblyErrors (0ms)
			InitializePlatformSupportModulesInManaged (6ms)
			SetLoadedEditorAssemblies (9ms)
			BeforeProcessingInitializeOnLoad (403ms)
			ProcessInitializeOnLoadAttributes (1105ms)
			ProcessInitializeOnLoadMethodAttributes (226ms)
			AfterProcessingInitializeOnLoad (12ms)
			EditorAssembliesLoaded (1ms)
		ExecutionOrderSort2 (0ms)
		AwakeInstancesAfterBackupRestoration (39ms)
Refreshing native plugins compatible for Editor in 7.49 ms, found 4 plugins.
Preloading 0 native plugins for Editor in 0.00 ms.
Unloading 16 Unused Serialized files (Serialized files now loaded: 0)
Unloading 6896 unused Assets / (4.6 MB). Loaded Objects now: 7806.
Memory consumption went from 158.5 MB to 153.9 MB.
Total: 33.439300 ms (FindLiveObjects: 1.759600 ms CreateObjectMapping: 3.424300 ms MarkObjects: 21.008400 ms  DeleteObjects: 7.243600 ms)

Prepare: number of updated asset objects reloaded= 0
========================================================================
Received Import Request.
  Time since last request: 137.641713 seconds.
  path: Assets/Prefabs/Warriors/Player/PlayerGunner.prefab
  artifactKey: Guid(5347903d251d94041b07e29d15da3466) Importer(815301076,1909f56bfc062723c751e8b465ee728b)
Start importing Assets/Prefabs/Warriors/Player/PlayerGunner.prefab using Guid(5347903d251d94041b07e29d15da3466) Importer(815301076,1909f56bfc062723c751e8b465ee728b) (PreviewImporter) -> (artifact id: '272554f9d92f87069e7e40cae5c5cf40') in 1.2883086 seconds
Number of updated asset objects reloaded before import = 0Number of asset objects unloaded after import = 150

========================================================================
Received Import Request.
  Time since last request: 7.503605 seconds.
  path: Assets/Prefabs/Warriors/Player/PlayerGunner.prefab
  artifactKey: Guid(5347903d251d94041b07e29d15da3466) Importer(815301076,1909f56bfc062723c751e8b465ee728b)
Start importing Assets/Prefabs/Warriors/Player/PlayerGunner.prefab using Guid(5347903d251d94041b07e29d15da3466) Importer(815301076,1909f56bfc062723c751e8b465ee728b) (PreviewImporter) -> (artifact id: '35f4e1016c2c89235eb37b343fb8bbfb') in 0.0382832 seconds
Number of updated asset objects reloaded before import = 0Number of asset objects unloaded after import = 150

========================================================================
Received Import Request.
  Time since last request: 10.098558 seconds.
  path: Assets/Prefabs/Warriors/Player/PlayerTank.prefab
  artifactKey: Guid(830e735c3b32b7b43a372271479a0a7c) Importer(815301076,1909f56bfc062723c751e8b465ee728b)
Start importing Assets/Prefabs/Warriors/Player/PlayerTank.prefab using Guid(830e735c3b32b7b43a372271479a0a7c) Importer(815301076,1909f56bfc062723c751e8b465ee728b) (PreviewImporter) -> (artifact id: '952a0e1e3b3e0e6bba117c7ba1a711a1') in 0.054131 seconds
Number of updated asset objects reloaded before import = 0Number of asset objects unloaded after import = 197

========================================================================
Received Import Request.
  Time since last request: 10.190048 seconds.
  path: Assets/Prefabs/Warriors/Player/PlayerTank.prefab
  artifactKey: Guid(830e735c3b32b7b43a372271479a0a7c) Importer(815301076,1909f56bfc062723c751e8b465ee728b)
Start importing Assets/Prefabs/Warriors/Player/PlayerTank.prefab using Guid(830e735c3b32b7b43a372271479a0a7c) Importer(815301076,1909f56bfc062723c751e8b465ee728b) (PreviewImporter) -> (artifact id: 'c7408a2e0d19986d925d0d59aae8a29e') in 0.0483986 seconds
Number of updated asset objects reloaded before import = 0Number of asset objects unloaded after import = 197

========================================================================
Received Prepare
Refreshing native plugins compatible for Editor in 9.75 ms, found 4 plugins.
Preloading 0 native plugins for Editor in 0.00 ms.
Unloading 16 Unused Serialized files (Serialized files now loaded: 0)
Unloading 6886 unused Assets / (4.4 MB). Loaded Objects now: 7899.
Memory consumption went from 159.1 MB to 154.7 MB.
Total: 34.238500 ms (FindLiveObjects: 2.558700 ms CreateObjectMapping: 3.109000 ms MarkObjects: 22.357700 ms  DeleteObjects: 6.209300 ms)

Prepare: number of updated asset objects reloaded= 0
========================================================================
Received Prepare
Refreshing native plugins compatible for Editor in 16.60 ms, found 4 plugins.
Preloading 0 native plugins for Editor in 0.00 ms.
Unloading 16 Unused Serialized files (Serialized files now loaded: 0)
Unloading 6886 unused Assets / (3.6 MB). Loaded Objects now: 7899.
Memory consumption went from 159.1 MB to 155.5 MB.
Total: 25.510800 ms (FindLiveObjects: 2.461900 ms CreateObjectMapping: 1.748900 ms MarkObjects: 16.409900 ms  DeleteObjects: 4.887500 ms)

Prepare: number of updated asset objects reloaded= 0
========================================================================
Received Prepare
Begin MonoManager ReloadAssembly
[Licensing::Client] Successfully resolved entitlement details
- Loaded All Assemblies, in  4.294 seconds
Refreshing native plugins compatible for Editor in 8.64 ms, found 4 plugins.
Native extension for WindowsStandalone target not found
Native extension for WebGL target not found
[Package Manager] Failed to launch server process. Reason: Unity was launched with the -noUpm command-line argument
[Package Manager] Unable to send message (not connected to server process).
[Package Manager] Cannot connect to Unity Package Manager local server
[Package Manager] Failed to launch server process. Reason: Unity was launched with the -noUpm command-line argument
[Package Manager] Unable to send message (not connected to server process).
[Package Manager] Cannot connect to Unity Package Manager local server
ScheduleIndexationOnStartup MainProcess:False IndexOnStartup:True
Mono: successfully reloaded assembly
- Finished resetting the current domain, in  2.812 seconds
Domain Reload Profiling: 7095ms
	BeginReloadAssembly (1047ms)
		ExecutionOrderSort (0ms)
		DisableScriptedObjects (140ms)
		BackupInstance (0ms)
		ReleaseScriptingObjects (1ms)
		CreateAndSetChildDomain (188ms)
	RebuildCommonClasses (169ms)
	RebuildNativeTypeToScriptingClass (68ms)
	initialDomainReloadingComplete (155ms)
	LoadAllAssembliesAndSetupDomain (2843ms)
		LoadAssemblies (1989ms)
		RebuildTransferFunctionScriptingTraits (0ms)
		AnalyzeDomain (1327ms)
			TypeCache.Refresh (46ms)
				TypeCache.ScanAssembly (1ms)
			BuildScriptInfoCaches (1214ms)
			ResolveRequiredComponents (52ms)
	FinalizeReload (2813ms)
		ReleaseScriptCaches (0ms)
		RebuildScriptCaches (0ms)
		SetupLoadedEditorAssemblies (2133ms)
			LogAssemblyErrors (0ms)
			InitializePlatformSupportModulesInManaged (9ms)
			SetLoadedEditorAssemblies (11ms)
			BeforeProcessingInitializeOnLoad (518ms)
			ProcessInitializeOnLoadAttributes (1245ms)
			ProcessInitializeOnLoadMethodAttributes (333ms)
			AfterProcessingInitializeOnLoad (16ms)
			EditorAssembliesLoaded (1ms)
		ExecutionOrderSort2 (0ms)
		AwakeInstancesAfterBackupRestoration (52ms)
Refreshing native plugins compatible for Editor in 5.69 ms, found 4 plugins.
Preloading 0 native plugins for Editor in 0.00 ms.
Unloading 16 Unused Serialized files (Serialized files now loaded: 0)
Unloading 6896 unused Assets / (4.7 MB). Loaded Objects now: 7829.
Memory consumption went from 158.5 MB to 153.8 MB.
Total: 20.596900 ms (FindLiveObjects: 1.402500 ms CreateObjectMapping: 1.440000 ms MarkObjects: 12.589100 ms  DeleteObjects: 5.162800 ms)

Prepare: number of updated asset objects reloaded= 0
========================================================================
Received Prepare
Refreshing native plugins compatible for Editor in 4.44 ms, found 4 plugins.
Preloading 0 native plugins for Editor in 0.00 ms.
Unloading 16 Unused Serialized files (Serialized files now loaded: 0)
Unloading 6886 unused Assets / (4.8 MB). Loaded Objects now: 7829.
Memory consumption went from 158.5 MB to 153.7 MB.
Total: 28.687200 ms (FindLiveObjects: 1.551200 ms CreateObjectMapping: 1.909400 ms MarkObjects: 17.926800 ms  DeleteObjects: 7.296800 ms)

Prepare: number of updated asset objects reloaded= 0
========================================================================
Received Prepare
Begin MonoManager ReloadAssembly
[Licensing::Client] Successfully resolved entitlement details
- Loaded All Assemblies, in  2.700 seconds
Refreshing native plugins compatible for Editor in 5.84 ms, found 4 plugins.
Native extension for WindowsStandalone target not found
Native extension for WebGL target not found
[Package Manager] Failed to launch server process. Reason: Unity was launched with the -noUpm command-line argument
[Package Manager] Unable to send message (not connected to server process).
[Package Manager] Cannot connect to Unity Package Manager local server
[Package Manager] Failed to launch server process. Reason: Unity was launched with the -noUpm command-line argument
[Package Manager] Unable to send message (not connected to server process).
[Package Manager] Cannot connect to Unity Package Manager local server
ScheduleIndexationOnStartup MainProcess:False IndexOnStartup:True
Mono: successfully reloaded assembly
- Finished resetting the current domain, in  3.588 seconds
Domain Reload Profiling: 6288ms
	BeginReloadAssembly (624ms)
		ExecutionOrderSort (0ms)
		DisableScriptedObjects (55ms)
		BackupInstance (0ms)
		ReleaseScriptingObjects (0ms)
		CreateAndSetChildDomain (117ms)
	RebuildCommonClasses (125ms)
	RebuildNativeTypeToScriptingClass (45ms)
	initialDomainReloadingComplete (80ms)
	LoadAllAssembliesAndSetupDomain (1824ms)
		LoadAssemblies (1156ms)
		RebuildTransferFunctionScriptingTraits (0ms)
		AnalyzeDomain (971ms)
			TypeCache.Refresh (36ms)
				TypeCache.ScanAssembly (2ms)
			BuildScriptInfoCaches (878ms)
			ResolveRequiredComponents (44ms)
	FinalizeReload (3589ms)
		ReleaseScriptCaches (0ms)
		RebuildScriptCaches (0ms)
		SetupLoadedEditorAssemblies (2895ms)
			LogAssemblyErrors (0ms)
			InitializePlatformSupportModulesInManaged (12ms)
			SetLoadedEditorAssemblies (27ms)
			BeforeProcessingInitializeOnLoad (760ms)
			ProcessInitializeOnLoadAttributes (1772ms)
			ProcessInitializeOnLoadMethodAttributes (312ms)
			AfterProcessingInitializeOnLoad (10ms)
			EditorAssembliesLoaded (1ms)
		ExecutionOrderSort2 (0ms)
		AwakeInstancesAfterBackupRestoration (53ms)
Refreshing native plugins compatible for Editor in 4.87 ms, found 4 plugins.
Preloading 0 native plugins for Editor in 0.00 ms.
Unloading 16 Unused Serialized files (Serialized files now loaded: 0)
Unloading 6896 unused Assets / (5.4 MB). Loaded Objects now: 7832.
Memory consumption went from 158.4 MB to 153.0 MB.
Total: 30.875800 ms (FindLiveObjects: 1.697400 ms CreateObjectMapping: 6.943100 ms MarkObjects: 14.453100 ms  DeleteObjects: 7.778400 ms)

Prepare: number of updated asset objects reloaded= 0
Editor requested this worker to shutdown with reason: Scaling down because of idle timeout
AssetImportWorkerClient::OnTransportError - code=2 error=End of file
AssetImportWorker is now disconnected from the server
Process exiting
Exiting without the bug reporter. Application will terminate with return code 0